!SESSION 2019-12-02 13:21:32.555 -----------------------------------------------
eclipse.buildId=4.12.0.I20190605-1800
java.version=1.8.0_221
java.vendor=Oracle Corporation
BootLoader constants: OS=macosx, ARCH=x86_64, WS=cocoa, NL=en_US
Framework arguments:  -product org.eclipse.epp.package.jee.product -keyring /Users/3000424/.eclipse_keyring
Command-line arguments:  -os macosx -ws cocoa -arch x86_64 -product org.eclipse.epp.package.jee.product -keyring /Users/3000424/.eclipse_keyring

!ENTRY org.eclipse.egit.core 1 0 2019-12-02 13:22:31.469
!MESSAGE Using Apache MINA sshd as ssh client.

!ENTRY org.eclipse.jdt.ui 4 10001 2019-12-02 13:38:00.460
!MESSAGE Internal Error
!STACK 0
org.eclipse.jface.text.BadLocationException
	at org.eclipse.jface.text.AbstractDocument.getChar(AbstractDocument.java:782)
	at org.eclipse.core.internal.filebuffers.SynchronizableDocument.getChar(SynchronizableDocument.java:141)
	at org.eclipse.jdt.internal.ui.text.java.hover.JavaSourceHover.getBracketHoverInfo(JavaSourceHover.java:179)
	at org.eclipse.jdt.internal.ui.text.java.hover.JavaSourceHover.getHoverInfo(JavaSourceHover.java:140)
	at org.eclipse.jdt.internal.ui.text.java.hover.JavaSourceHover.getHoverInfo2(JavaSourceHover.java:120)
	at org.eclipse.jdt.internal.ui.text.java.hover.BestMatchHover.getHoverInfo2(BestMatchHover.java:167)
	at org.eclipse.jdt.internal.ui.text.java.hover.BestMatchHover.getHoverInfo2(BestMatchHover.java:133)
	at org.eclipse.jdt.internal.ui.text.java.hover.JavaEditorTextHoverProxy.getHoverInfo2(JavaEditorTextHoverProxy.java:89)
	at org.eclipse.jface.text.TextViewerHoverManager$4.run(TextViewerHoverManager.java:169)
!SESSION 2019-12-02 14:59:57.186 -----------------------------------------------
eclipse.buildId=4.12.0.I20190605-1800
java.version=1.8.0_221
java.vendor=Oracle Corporation
BootLoader constants: OS=macosx, ARCH=x86_64, WS=cocoa, NL=en_US
Framework arguments:  -product org.eclipse.epp.package.jee.product -keyring /Users/3000424/.eclipse_keyring
Command-line arguments:  -os macosx -ws cocoa -arch x86_64 -product org.eclipse.epp.package.jee.product -keyring /Users/3000424/.eclipse_keyring

!ENTRY org.eclipse.egit.core 1 0 2019-12-02 15:00:07.734
!MESSAGE Using Apache MINA sshd as ssh client.

!ENTRY org.eclipse.core.jobs 4 2 2019-12-02 15:00:26.707
!MESSAGE An internal error occurred during: "Deferred Early Start".
!STACK 0
java.lang.NullPointerException
	at org.eclipse.core.internal.runtime.InternalPlatform.getLog(InternalPlatform.java:360)
	at org.eclipse.core.runtime.Plugin.getLog(Plugin.java:237)
	at org.eclipse.oomph.util.OomphPlugin.getLog(OomphPlugin.java:210)
	at org.eclipse.oomph.util.OomphPlugin.log(OomphPlugin.java:225)
	at org.eclipse.oomph.util.OomphPlugin.log(OomphPlugin.java:236)
	at org.eclipse.oomph.internal.ui.EarlyStart.run(EarlyStart.java:116)
	at org.eclipse.oomph.internal.ui.EarlyStart$1.run(EarlyStart.java:91)
	at org.eclipse.core.internal.jobs.Worker.run(Worker.java:63)
!SESSION 2019-12-03 12:30:01.356 -----------------------------------------------
eclipse.buildId=4.12.0.I20190605-1800
java.version=1.8.0_221
java.vendor=Oracle Corporation
BootLoader constants: OS=macosx, ARCH=x86_64, WS=cocoa, NL=en_US
Framework arguments:  -product org.eclipse.epp.package.jee.product -keyring /Users/3000424/.eclipse_keyring
Command-line arguments:  -os macosx -ws cocoa -arch x86_64 -product org.eclipse.epp.package.jee.product -keyring /Users/3000424/.eclipse_keyring

!ENTRY org.eclipse.egit.core 1 0 2019-12-03 12:30:08.782
!MESSAGE Using Apache MINA sshd as ssh client.
!SESSION 2019-12-05 12:47:44.216 -----------------------------------------------
eclipse.buildId=4.12.0.I20190605-1800
java.version=1.8.0_221
java.vendor=Oracle Corporation
BootLoader constants: OS=macosx, ARCH=x86_64, WS=cocoa, NL=en_US
Framework arguments:  -product org.eclipse.epp.package.jee.product -keyring /Users/3000424/.eclipse_keyring
Command-line arguments:  -os macosx -ws cocoa -arch x86_64 -product org.eclipse.epp.package.jee.product -keyring /Users/3000424/.eclipse_keyring

!ENTRY org.eclipse.egit.core 1 0 2019-12-05 12:47:51.719
!MESSAGE Using Apache MINA sshd as ssh client.
!SESSION 2019-12-06 12:20:30.468 -----------------------------------------------
eclipse.buildId=4.12.0.I20190605-1800
java.version=1.8.0_221
java.vendor=Oracle Corporation
BootLoader constants: OS=macosx, ARCH=x86_64, WS=cocoa, NL=en_US
Framework arguments:  -product org.eclipse.epp.package.jee.product -keyring /Users/3000424/.eclipse_keyring
Command-line arguments:  -os macosx -ws cocoa -arch x86_64 -product org.eclipse.epp.package.jee.product -keyring /Users/3000424/.eclipse_keyring

!ENTRY org.eclipse.egit.core 1 0 2019-12-06 12:20:38.121
!MESSAGE Using Apache MINA sshd as ssh client.
!SESSION 2019-12-10 12:52:45.793 -----------------------------------------------
eclipse.buildId=4.12.0.I20190605-1800
java.version=1.8.0_221
java.vendor=Oracle Corporation
BootLoader constants: OS=macosx, ARCH=x86_64, WS=cocoa, NL=en_US
Framework arguments:  -product org.eclipse.epp.package.jee.product -keyring /Users/3000424/.eclipse_keyring
Command-line arguments:  -os macosx -ws cocoa -arch x86_64 -product org.eclipse.epp.package.jee.product -keyring /Users/3000424/.eclipse_keyring

!ENTRY org.eclipse.egit.core 1 0 2019-12-10 12:52:53.275
!MESSAGE Using Apache MINA sshd as ssh client.
!SESSION 2019-12-10 13:13:06.853 -----------------------------------------------
eclipse.buildId=4.12.0.I20190605-1800
java.version=1.8.0_221
java.vendor=Oracle Corporation
BootLoader constants: OS=macosx, ARCH=x86_64, WS=cocoa, NL=en_US
Framework arguments:  -product org.eclipse.epp.package.jee.product -keyring /Users/3000424/.eclipse_keyring
Command-line arguments:  -os macosx -ws cocoa -arch x86_64 -product org.eclipse.epp.package.jee.product -keyring /Users/3000424/.eclipse_keyring

!ENTRY org.eclipse.core.resources 2 10035 2019-12-10 13:13:15.138
!MESSAGE The workspace exited with unsaved changes in the previous session; refreshing workspace to recover changes.

!ENTRY org.eclipse.egit.core 1 0 2019-12-10 13:13:18.803
!MESSAGE Using Apache MINA sshd as ssh client.

!ENTRY org.eclipse.jdt.ui 4 10001 2019-12-10 13:18:28.809
!MESSAGE Internal Error
!STACK 1
Java Model Exception: Java Model Status [Index out of bounds]
	at org.eclipse.jdt.internal.core.Openable.codeComplete(Openable.java:126)
	at org.eclipse.jdt.internal.core.CompilationUnit.codeComplete(CompilationUnit.java:368)
	at org.eclipse.jdt.internal.core.CompilationUnit.codeComplete(CompilationUnit.java:363)
	at org.eclipse.jdt.internal.core.CompilationUnit.codeComplete(CompilationUnit.java:353)
	at org.eclipse.jdt.ui.text.java.JavaContentAssistInvocationContext.computeKeywordsAndContext(JavaContentAssistInvocationContext.java:301)
	at org.eclipse.jdt.ui.text.java.JavaContentAssistInvocationContext.getCoreContext(JavaContentAssistInvocationContext.java:177)
	at org.eclipse.jdt.internal.ui.text.java.TemplateCompletionProposalComputer.computeCompletionEngine(TemplateCompletionProposalComputer.java:72)
	at org.eclipse.jdt.internal.ui.text.java.AbstractTemplateCompletionProposalComputer.computeCompletionProposals(AbstractTemplateCompletionProposalComputer.java:65)
	at org.eclipse.jdt.internal.ui.text.java.CompletionProposalComputerDescriptor.computeCompletionProposals(CompletionProposalComputerDescriptor.java:336)
	at org.eclipse.jdt.internal.ui.text.java.CompletionProposalCategory.computeCompletionProposals(CompletionProposalCategory.java:340)
	at org.eclipse.jdt.internal.ui.text.java.ContentAssistProcessor.collectProposals(ContentAssistProcessor.java:334)
	at org.eclipse.jdt.internal.ui.text.java.ContentAssistProcessor.computeCompletionProposals(ContentAssistProcessor.java:291)
	at org.eclipse.jface.text.contentassist.ContentAssistant$2.lambda$0(ContentAssistant.java:2014)
	at java.util.Collections$SingletonSet.forEach(Collections.java:4769)
	at org.eclipse.jface.text.contentassist.ContentAssistant$2.run(ContentAssistant.java:2013)
	at org.eclipse.core.runtime.SafeRunner.run(SafeRunner.java:45)
	at org.eclipse.jface.text.contentassist.ContentAssistant.computeCompletionProposals(ContentAssistant.java:2010)
	at org.eclipse.jface.text.contentassist.CompletionProposalPopup.computeProposals(CompletionProposalPopup.java:575)
	at org.eclipse.jface.text.contentassist.CompletionProposalPopup.lambda$0(CompletionProposalPopup.java:505)
	at org.eclipse.swt.custom.BusyIndicator.showWhile(BusyIndicator.java:72)
	at org.eclipse.jface.text.contentassist.CompletionProposalPopup.showProposals(CompletionProposalPopup.java:500)
	at org.eclipse.jface.text.contentassist.ContentAssistant$AutoAssistListener.lambda$0(ContentAssistant.java:380)
	at org.eclipse.swt.widgets.RunnableLock.run(RunnableLock.java:40)
	at org.eclipse.swt.widgets.Synchronizer.runAsyncMessages(Synchronizer.java:185)
	at org.eclipse.swt.widgets.Display.runAsyncMessages(Display.java:4103)
	at org.eclipse.swt.widgets.Display.readAndDispatch(Display.java:3770)
	at org.eclipse.e4.ui.internal.workbench.swt.PartRenderingEngine$5.run(PartRenderingEngine.java:1173)
	at org.eclipse.core.databinding.observable.Realm.runWithDefault(Realm.java:338)
	at org.eclipse.e4.ui.internal.workbench.swt.PartRenderingEngine.run(PartRenderingEngine.java:1062)
	at org.eclipse.e4.ui.internal.workbench.E4Workbench.createAndRunUI(E4Workbench.java:155)
	at org.eclipse.ui.internal.Workbench.lambda$3(Workbench.java:635)
	at org.eclipse.core.databinding.observable.Realm.runWithDefault(Realm.java:338)
	at org.eclipse.ui.internal.Workbench.createAndRunWorkbench(Workbench.java:559)
	at org.eclipse.ui.PlatformUI.createAndRunWorkbench(PlatformUI.java:150)
	at org.eclipse.ui.internal.ide.application.IDEApplication.start(IDEApplication.java:155)
	at org.eclipse.equinox.internal.app.EclipseAppHandle.run(EclipseAppHandle.java:203)
	at org.eclipse.core.runtime.internal.adaptor.EclipseAppLauncher.runApplication(EclipseAppLauncher.java:137)
	at org.eclipse.core.runtime.internal.adaptor.EclipseAppLauncher.start(EclipseAppLauncher.java:107)
	at org.eclipse.core.runtime.adaptor.EclipseStarter.run(EclipseStarter.java:400)
	at org.eclipse.core.runtime.adaptor.EclipseStarter.run(EclipseStarter.java:255)
	at sun.reflect.NativeMethodAccessorImpl.invoke0(Native Method)
	at sun.reflect.NativeMethodAccessorImpl.invoke(NativeMethodAccessorImpl.java:62)
	at sun.reflect.DelegatingMethodAccessorImpl.invoke(DelegatingMethodAccessorImpl.java:43)
	at java.lang.reflect.Method.invoke(Method.java:498)
	at org.eclipse.equinox.launcher.Main.invokeFramework(Main.java:660)
	at org.eclipse.equinox.launcher.Main.basicRun(Main.java:597)
	at org.eclipse.equinox.launcher.Main.run(Main.java:1468)
!SUBENTRY 1 org.eclipse.jdt.core 4 980 2019-12-10 13:18:28.811
!MESSAGE Index out of bounds

!ENTRY org.eclipse.jdt.ui 4 10001 2019-12-10 13:18:31.190
!MESSAGE Internal Error
!STACK 1
Java Model Exception: Java Model Status [Index out of bounds]
	at org.eclipse.jdt.internal.core.Openable.codeComplete(Openable.java:126)
	at org.eclipse.jdt.internal.core.CompilationUnit.codeComplete(CompilationUnit.java:368)
	at org.eclipse.jdt.internal.core.CompilationUnit.codeComplete(CompilationUnit.java:363)
	at org.eclipse.jdt.internal.core.CompilationUnit.codeComplete(CompilationUnit.java:353)
	at org.eclipse.jdt.ui.text.java.JavaContentAssistInvocationContext.computeKeywordsAndContext(JavaContentAssistInvocationContext.java:301)
	at org.eclipse.jdt.ui.text.java.JavaContentAssistInvocationContext.getCoreContext(JavaContentAssistInvocationContext.java:177)
	at org.eclipse.jdt.internal.ui.text.java.JavaTypeCompletionProposalComputer.computeCompletionProposals(JavaTypeCompletionProposalComputer.java:72)
	at org.eclipse.mylyn.internal.java.ui.editor.FocusedJavaAllProposalComputer.computeCompletionProposals(FocusedJavaAllProposalComputer.java:41)
	at org.eclipse.jdt.internal.ui.text.java.CompletionProposalComputerDescriptor.computeCompletionProposals(CompletionProposalComputerDescriptor.java:336)
	at org.eclipse.jdt.internal.ui.text.java.CompletionProposalCategory.computeCompletionProposals(CompletionProposalCategory.java:340)
	at org.eclipse.jdt.internal.ui.text.java.ContentAssistProcessor.collectProposals(ContentAssistProcessor.java:334)
	at org.eclipse.jdt.internal.ui.text.java.ContentAssistProcessor.computeCompletionProposals(ContentAssistProcessor.java:291)
	at org.eclipse.jface.text.contentassist.ContentAssistant$2.lambda$0(ContentAssistant.java:2014)
	at java.util.Collections$SingletonSet.forEach(Collections.java:4769)
	at org.eclipse.jface.text.contentassist.ContentAssistant$2.run(ContentAssistant.java:2013)
	at org.eclipse.core.runtime.SafeRunner.run(SafeRunner.java:45)
	at org.eclipse.jface.text.contentassist.ContentAssistant.computeCompletionProposals(ContentAssistant.java:2010)
	at org.eclipse.jface.text.contentassist.CompletionProposalPopup.computeProposals(CompletionProposalPopup.java:575)
	at org.eclipse.jface.text.contentassist.CompletionProposalPopup.lambda$0(CompletionProposalPopup.java:505)
	at org.eclipse.swt.custom.BusyIndicator.showWhile(BusyIndicator.java:72)
	at org.eclipse.jface.text.contentassist.CompletionProposalPopup.showProposals(CompletionProposalPopup.java:500)
	at org.eclipse.jface.text.contentassist.ContentAssistant$AutoAssistListener.lambda$0(ContentAssistant.java:380)
	at org.eclipse.swt.widgets.RunnableLock.run(RunnableLock.java:40)
	at org.eclipse.swt.widgets.Synchronizer.runAsyncMessages(Synchronizer.java:185)
	at org.eclipse.swt.widgets.Display.runAsyncMessages(Display.java:4103)
	at org.eclipse.swt.widgets.Display.readAndDispatch(Display.java:3770)
	at org.eclipse.e4.ui.internal.workbench.swt.PartRenderingEngine$5.run(PartRenderingEngine.java:1173)
	at org.eclipse.core.databinding.observable.Realm.runWithDefault(Realm.java:338)
	at org.eclipse.e4.ui.internal.workbench.swt.PartRenderingEngine.run(PartRenderingEngine.java:1062)
	at org.eclipse.e4.ui.internal.workbench.E4Workbench.createAndRunUI(E4Workbench.java:155)
	at org.eclipse.ui.internal.Workbench.lambda$3(Workbench.java:635)
	at org.eclipse.core.databinding.observable.Realm.runWithDefault(Realm.java:338)
	at org.eclipse.ui.internal.Workbench.createAndRunWorkbench(Workbench.java:559)
	at org.eclipse.ui.PlatformUI.createAndRunWorkbench(PlatformUI.java:150)
	at org.eclipse.ui.internal.ide.application.IDEApplication.start(IDEApplication.java:155)
	at org.eclipse.equinox.internal.app.EclipseAppHandle.run(EclipseAppHandle.java:203)
	at org.eclipse.core.runtime.internal.adaptor.EclipseAppLauncher.runApplication(EclipseAppLauncher.java:137)
	at org.eclipse.core.runtime.internal.adaptor.EclipseAppLauncher.start(EclipseAppLauncher.java:107)
	at org.eclipse.core.runtime.adaptor.EclipseStarter.run(EclipseStarter.java:400)
	at org.eclipse.core.runtime.adaptor.EclipseStarter.run(EclipseStarter.java:255)
	at sun.reflect.NativeMethodAccessorImpl.invoke0(Native Method)
	at sun.reflect.NativeMethodAccessorImpl.invoke(NativeMethodAccessorImpl.java:62)
	at sun.reflect.DelegatingMethodAccessorImpl.invoke(DelegatingMethodAccessorImpl.java:43)
	at java.lang.reflect.Method.invoke(Method.java:498)
	at org.eclipse.equinox.launcher.Main.invokeFramework(Main.java:660)
	at org.eclipse.equinox.launcher.Main.basicRun(Main.java:597)
	at org.eclipse.equinox.launcher.Main.run(Main.java:1468)
!SUBENTRY 1 org.eclipse.jdt.core 4 980 2019-12-10 13:18:31.191
!MESSAGE Index out of bounds

!ENTRY org.eclipse.jdt.ui 4 10001 2019-12-10 13:18:32.582
!MESSAGE Internal Error
!STACK 1
Java Model Exception: Java Model Status [Index out of bounds]
	at org.eclipse.jdt.internal.core.Openable.codeComplete(Openable.java:126)
	at org.eclipse.jdt.internal.core.CompilationUnit.codeComplete(CompilationUnit.java:368)
	at org.eclipse.jdt.internal.core.CompilationUnit.codeComplete(CompilationUnit.java:363)
	at org.eclipse.jdt.internal.core.CompilationUnit.codeComplete(CompilationUnit.java:353)
	at org.eclipse.jdt.ui.text.java.JavaContentAssistInvocationContext.computeKeywordsAndContext(JavaContentAssistInvocationContext.java:301)
	at org.eclipse.jdt.ui.text.java.JavaContentAssistInvocationContext.getCoreContext(JavaContentAssistInvocationContext.java:177)
	at org.eclipse.jdt.internal.ui.text.java.TemplateCompletionProposalComputer.computeCompletionEngine(TemplateCompletionProposalComputer.java:72)
	at org.eclipse.jdt.internal.ui.text.java.AbstractTemplateCompletionProposalComputer.computeCompletionProposals(AbstractTemplateCompletionProposalComputer.java:65)
	at org.eclipse.jdt.internal.ui.text.java.CompletionProposalComputerDescriptor.computeCompletionProposals(CompletionProposalComputerDescriptor.java:336)
	at org.eclipse.jdt.internal.ui.text.java.CompletionProposalCategory.computeCompletionProposals(CompletionProposalCategory.java:340)
	at org.eclipse.jdt.internal.ui.text.java.ContentAssistProcessor.collectProposals(ContentAssistProcessor.java:334)
	at org.eclipse.jdt.internal.ui.text.java.ContentAssistProcessor.computeCompletionProposals(ContentAssistProcessor.java:291)
	at org.eclipse.jface.text.contentassist.ContentAssistant$2.lambda$0(ContentAssistant.java:2014)
	at java.util.Collections$SingletonSet.forEach(Collections.java:4769)
	at org.eclipse.jface.text.contentassist.ContentAssistant$2.run(ContentAssistant.java:2013)
	at org.eclipse.core.runtime.SafeRunner.run(SafeRunner.java:45)
	at org.eclipse.jface.text.contentassist.ContentAssistant.computeCompletionProposals(ContentAssistant.java:2010)
	at org.eclipse.jface.text.contentassist.CompletionProposalPopup.computeProposals(CompletionProposalPopup.java:575)
	at org.eclipse.jface.text.contentassist.CompletionProposalPopup.lambda$0(CompletionProposalPopup.java:505)
	at org.eclipse.swt.custom.BusyIndicator.showWhile(BusyIndicator.java:72)
	at org.eclipse.jface.text.contentassist.CompletionProposalPopup.showProposals(CompletionProposalPopup.java:500)
	at org.eclipse.jface.text.contentassist.ContentAssistant$AutoAssistListener.lambda$0(ContentAssistant.java:380)
	at org.eclipse.swt.widgets.RunnableLock.run(RunnableLock.java:40)
	at org.eclipse.swt.widgets.Synchronizer.runAsyncMessages(Synchronizer.java:185)
	at org.eclipse.swt.widgets.Display.runAsyncMessages(Display.java:4103)
	at org.eclipse.swt.widgets.Display.readAndDispatch(Display.java:3770)
	at org.eclipse.e4.ui.internal.workbench.swt.PartRenderingEngine$5.run(PartRenderingEngine.java:1173)
	at org.eclipse.core.databinding.observable.Realm.runWithDefault(Realm.java:338)
	at org.eclipse.e4.ui.internal.workbench.swt.PartRenderingEngine.run(PartRenderingEngine.java:1062)
	at org.eclipse.e4.ui.internal.workbench.E4Workbench.createAndRunUI(E4Workbench.java:155)
	at org.eclipse.ui.internal.Workbench.lambda$3(Workbench.java:635)
	at org.eclipse.core.databinding.observable.Realm.runWithDefault(Realm.java:338)
	at org.eclipse.ui.internal.Workbench.createAndRunWorkbench(Workbench.java:559)
	at org.eclipse.ui.PlatformUI.createAndRunWorkbench(PlatformUI.java:150)
	at org.eclipse.ui.internal.ide.application.IDEApplication.start(IDEApplication.java:155)
	at org.eclipse.equinox.internal.app.EclipseAppHandle.run(EclipseAppHandle.java:203)
	at org.eclipse.core.runtime.internal.adaptor.EclipseAppLauncher.runApplication(EclipseAppLauncher.java:137)
	at org.eclipse.core.runtime.internal.adaptor.EclipseAppLauncher.start(EclipseAppLauncher.java:107)
	at org.eclipse.core.runtime.adaptor.EclipseStarter.run(EclipseStarter.java:400)
	at org.eclipse.core.runtime.adaptor.EclipseStarter.run(EclipseStarter.java:255)
	at sun.reflect.NativeMethodAccessorImpl.invoke0(Native Method)
	at sun.reflect.NativeMethodAccessorImpl.invoke(NativeMethodAccessorImpl.java:62)
	at sun.reflect.DelegatingMethodAccessorImpl.invoke(DelegatingMethodAccessorImpl.java:43)
	at java.lang.reflect.Method.invoke(Method.java:498)
	at org.eclipse.equinox.launcher.Main.invokeFramework(Main.java:660)
	at org.eclipse.equinox.launcher.Main.basicRun(Main.java:597)
	at org.eclipse.equinox.launcher.Main.run(Main.java:1468)
!SUBENTRY 1 org.eclipse.jdt.core 4 980 2019-12-10 13:18:32.582
!MESSAGE Index out of bounds

!ENTRY org.eclipse.jdt.ui 4 10001 2019-12-10 13:18:34.293
!MESSAGE Internal Error
!STACK 1
Java Model Exception: Java Model Status [Index out of bounds]
	at org.eclipse.jdt.internal.core.Openable.codeComplete(Openable.java:126)
	at org.eclipse.jdt.internal.core.CompilationUnit.codeComplete(CompilationUnit.java:368)
	at org.eclipse.jdt.internal.core.CompilationUnit.codeComplete(CompilationUnit.java:363)
	at org.eclipse.jdt.internal.core.CompilationUnit.codeComplete(CompilationUnit.java:353)
	at org.eclipse.jdt.ui.text.java.JavaContentAssistInvocationContext.computeKeywordsAndContext(JavaContentAssistInvocationContext.java:301)
	at org.eclipse.jdt.ui.text.java.JavaContentAssistInvocationContext.getCoreContext(JavaContentAssistInvocationContext.java:177)
	at org.eclipse.jdt.internal.ui.text.java.JavaTypeCompletionProposalComputer.computeCompletionProposals(JavaTypeCompletionProposalComputer.java:72)
	at org.eclipse.mylyn.internal.java.ui.editor.FocusedJavaAllProposalComputer.computeCompletionProposals(FocusedJavaAllProposalComputer.java:41)
	at org.eclipse.jdt.internal.ui.text.java.CompletionProposalComputerDescriptor.computeCompletionProposals(CompletionProposalComputerDescriptor.java:336)
	at org.eclipse.jdt.internal.ui.text.java.CompletionProposalCategory.computeCompletionProposals(CompletionProposalCategory.java:340)
	at org.eclipse.jdt.internal.ui.text.java.ContentAssistProcessor.collectProposals(ContentAssistProcessor.java:334)
	at org.eclipse.jdt.internal.ui.text.java.ContentAssistProcessor.computeCompletionProposals(ContentAssistProcessor.java:291)
	at org.eclipse.jface.text.contentassist.ContentAssistant$2.lambda$0(ContentAssistant.java:2014)
	at java.util.Collections$SingletonSet.forEach(Collections.java:4769)
	at org.eclipse.jface.text.contentassist.ContentAssistant$2.run(ContentAssistant.java:2013)
	at org.eclipse.core.runtime.SafeRunner.run(SafeRunner.java:45)
	at org.eclipse.jface.text.contentassist.ContentAssistant.computeCompletionProposals(ContentAssistant.java:2010)
	at org.eclipse.jface.text.contentassist.CompletionProposalPopup.computeProposals(CompletionProposalPopup.java:575)
	at org.eclipse.jface.text.contentassist.CompletionProposalPopup.lambda$0(CompletionProposalPopup.java:505)
	at org.eclipse.swt.custom.BusyIndicator.showWhile(BusyIndicator.java:72)
	at org.eclipse.jface.text.contentassist.CompletionProposalPopup.showProposals(CompletionProposalPopup.java:500)
	at org.eclipse.jface.text.contentassist.ContentAssistant$AutoAssistListener.lambda$0(ContentAssistant.java:380)
	at org.eclipse.swt.widgets.RunnableLock.run(RunnableLock.java:40)
	at org.eclipse.swt.widgets.Synchronizer.runAsyncMessages(Synchronizer.java:185)
	at org.eclipse.swt.widgets.Display.runAsyncMessages(Display.java:4103)
	at org.eclipse.swt.widgets.Display.readAndDispatch(Display.java:3770)
	at org.eclipse.e4.ui.internal.workbench.swt.PartRenderingEngine$5.run(PartRenderingEngine.java:1173)
	at org.eclipse.core.databinding.observable.Realm.runWithDefault(Realm.java:338)
	at org.eclipse.e4.ui.internal.workbench.swt.PartRenderingEngine.run(PartRenderingEngine.java:1062)
	at org.eclipse.e4.ui.internal.workbench.E4Workbench.createAndRunUI(E4Workbench.java:155)
	at org.eclipse.ui.internal.Workbench.lambda$3(Workbench.java:635)
	at org.eclipse.core.databinding.observable.Realm.runWithDefault(Realm.java:338)
	at org.eclipse.ui.internal.Workbench.createAndRunWorkbench(Workbench.java:559)
	at org.eclipse.ui.PlatformUI.createAndRunWorkbench(PlatformUI.java:150)
	at org.eclipse.ui.internal.ide.application.IDEApplication.start(IDEApplication.java:155)
	at org.eclipse.equinox.internal.app.EclipseAppHandle.run(EclipseAppHandle.java:203)
	at org.eclipse.core.runtime.internal.adaptor.EclipseAppLauncher.runApplication(EclipseAppLauncher.java:137)
	at org.eclipse.core.runtime.internal.adaptor.EclipseAppLauncher.start(EclipseAppLauncher.java:107)
	at org.eclipse.core.runtime.adaptor.EclipseStarter.run(EclipseStarter.java:400)
	at org.eclipse.core.runtime.adaptor.EclipseStarter.run(EclipseStarter.java:255)
	at sun.reflect.NativeMethodAccessorImpl.invoke0(Native Method)
	at sun.reflect.NativeMethodAccessorImpl.invoke(NativeMethodAccessorImpl.java:62)
	at sun.reflect.DelegatingMethodAccessorImpl.invoke(DelegatingMethodAccessorImpl.java:43)
	at java.lang.reflect.Method.invoke(Method.java:498)
	at org.eclipse.equinox.launcher.Main.invokeFramework(Main.java:660)
	at org.eclipse.equinox.launcher.Main.basicRun(Main.java:597)
	at org.eclipse.equinox.launcher.Main.run(Main.java:1468)
!SUBENTRY 1 org.eclipse.jdt.core 4 980 2019-12-10 13:18:34.293
!MESSAGE Index out of bounds

!ENTRY org.eclipse.jdt.ui 4 10001 2019-12-10 13:19:06.862
!MESSAGE Internal Error
!STACK 1
Java Model Exception: Java Model Status [Index out of bounds]
	at org.eclipse.jdt.internal.core.Openable.codeComplete(Openable.java:126)
	at org.eclipse.jdt.internal.core.CompilationUnit.codeComplete(CompilationUnit.java:368)
	at org.eclipse.jdt.internal.core.CompilationUnit.codeComplete(CompilationUnit.java:363)
	at org.eclipse.jdt.internal.core.CompilationUnit.codeComplete(CompilationUnit.java:353)
	at org.eclipse.jdt.ui.text.java.JavaContentAssistInvocationContext.computeKeywordsAndContext(JavaContentAssistInvocationContext.java:301)
	at org.eclipse.jdt.ui.text.java.JavaContentAssistInvocationContext.getCoreContext(JavaContentAssistInvocationContext.java:177)
	at org.eclipse.jdt.internal.ui.text.java.TemplateCompletionProposalComputer.computeCompletionEngine(TemplateCompletionProposalComputer.java:72)
	at org.eclipse.jdt.internal.ui.text.java.AbstractTemplateCompletionProposalComputer.computeCompletionProposals(AbstractTemplateCompletionProposalComputer.java:65)
	at org.eclipse.jdt.internal.ui.text.java.CompletionProposalComputerDescriptor.computeCompletionProposals(CompletionProposalComputerDescriptor.java:336)
	at org.eclipse.jdt.internal.ui.text.java.CompletionProposalCategory.computeCompletionProposals(CompletionProposalCategory.java:340)
	at org.eclipse.jdt.internal.ui.text.java.ContentAssistProcessor.collectProposals(ContentAssistProcessor.java:334)
	at org.eclipse.jdt.internal.ui.text.java.ContentAssistProcessor.computeCompletionProposals(ContentAssistProcessor.java:291)
	at org.eclipse.jface.text.contentassist.ContentAssistant$2.lambda$0(ContentAssistant.java:2014)
	at java.util.Collections$SingletonSet.forEach(Collections.java:4769)
	at org.eclipse.jface.text.contentassist.ContentAssistant$2.run(ContentAssistant.java:2013)
	at org.eclipse.core.runtime.SafeRunner.run(SafeRunner.java:45)
	at org.eclipse.jface.text.contentassist.ContentAssistant.computeCompletionProposals(ContentAssistant.java:2010)
	at org.eclipse.jface.text.contentassist.CompletionProposalPopup.computeProposals(CompletionProposalPopup.java:575)
	at org.eclipse.jface.text.contentassist.CompletionProposalPopup.lambda$0(CompletionProposalPopup.java:505)
	at org.eclipse.swt.custom.BusyIndicator.showWhile(BusyIndicator.java:72)
	at org.eclipse.jface.text.contentassist.CompletionProposalPopup.showProposals(CompletionProposalPopup.java:500)
	at org.eclipse.jface.text.contentassist.ContentAssistant$AutoAssistListener.lambda$0(ContentAssistant.java:380)
	at org.eclipse.swt.widgets.RunnableLock.run(RunnableLock.java:40)
	at org.eclipse.swt.widgets.Synchronizer.runAsyncMessages(Synchronizer.java:185)
	at org.eclipse.swt.widgets.Display.runAsyncMessages(Display.java:4103)
	at org.eclipse.swt.widgets.Display.readAndDispatch(Display.java:3770)
	at org.eclipse.e4.ui.internal.workbench.swt.PartRenderingEngine$5.run(PartRenderingEngine.java:1173)
	at org.eclipse.core.databinding.observable.Realm.runWithDefault(Realm.java:338)
	at org.eclipse.e4.ui.internal.workbench.swt.PartRenderingEngine.run(PartRenderingEngine.java:1062)
	at org.eclipse.e4.ui.internal.workbench.E4Workbench.createAndRunUI(E4Workbench.java:155)
	at org.eclipse.ui.internal.Workbench.lambda$3(Workbench.java:635)
	at org.eclipse.core.databinding.observable.Realm.runWithDefault(Realm.java:338)
	at org.eclipse.ui.internal.Workbench.createAndRunWorkbench(Workbench.java:559)
	at org.eclipse.ui.PlatformUI.createAndRunWorkbench(PlatformUI.java:150)
	at org.eclipse.ui.internal.ide.application.IDEApplication.start(IDEApplication.java:155)
	at org.eclipse.equinox.internal.app.EclipseAppHandle.run(EclipseAppHandle.java:203)
	at org.eclipse.core.runtime.internal.adaptor.EclipseAppLauncher.runApplication(EclipseAppLauncher.java:137)
	at org.eclipse.core.runtime.internal.adaptor.EclipseAppLauncher.start(EclipseAppLauncher.java:107)
	at org.eclipse.core.runtime.adaptor.EclipseStarter.run(EclipseStarter.java:400)
	at org.eclipse.core.runtime.adaptor.EclipseStarter.run(EclipseStarter.java:255)
	at sun.reflect.NativeMethodAccessorImpl.invoke0(Native Method)
	at sun.reflect.NativeMethodAccessorImpl.invoke(NativeMethodAccessorImpl.java:62)
	at sun.reflect.DelegatingMethodAccessorImpl.invoke(DelegatingMethodAccessorImpl.java:43)
	at java.lang.reflect.Method.invoke(Method.java:498)
	at org.eclipse.equinox.launcher.Main.invokeFramework(Main.java:660)
	at org.eclipse.equinox.launcher.Main.basicRun(Main.java:597)
	at org.eclipse.equinox.launcher.Main.run(Main.java:1468)
!SUBENTRY 1 org.eclipse.jdt.core 4 980 2019-12-10 13:19:06.862
!MESSAGE Index out of bounds

!ENTRY org.eclipse.jdt.ui 4 10001 2019-12-10 13:19:08.617
!MESSAGE Internal Error
!STACK 1
Java Model Exception: Java Model Status [Index out of bounds]
	at org.eclipse.jdt.internal.core.Openable.codeComplete(Openable.java:126)
	at org.eclipse.jdt.internal.core.CompilationUnit.codeComplete(CompilationUnit.java:368)
	at org.eclipse.jdt.internal.core.CompilationUnit.codeComplete(CompilationUnit.java:363)
	at org.eclipse.jdt.internal.core.CompilationUnit.codeComplete(CompilationUnit.java:353)
	at org.eclipse.jdt.ui.text.java.JavaContentAssistInvocationContext.computeKeywordsAndContext(JavaContentAssistInvocationContext.java:301)
	at org.eclipse.jdt.ui.text.java.JavaContentAssistInvocationContext.getCoreContext(JavaContentAssistInvocationContext.java:177)
	at org.eclipse.jdt.internal.ui.text.java.JavaTypeCompletionProposalComputer.computeCompletionProposals(JavaTypeCompletionProposalComputer.java:72)
	at org.eclipse.mylyn.internal.java.ui.editor.FocusedJavaAllProposalComputer.computeCompletionProposals(FocusedJavaAllProposalComputer.java:41)
	at org.eclipse.jdt.internal.ui.text.java.CompletionProposalComputerDescriptor.computeCompletionProposals(CompletionProposalComputerDescriptor.java:336)
	at org.eclipse.jdt.internal.ui.text.java.CompletionProposalCategory.computeCompletionProposals(CompletionProposalCategory.java:340)
	at org.eclipse.jdt.internal.ui.text.java.ContentAssistProcessor.collectProposals(ContentAssistProcessor.java:334)
	at org.eclipse.jdt.internal.ui.text.java.ContentAssistProcessor.computeCompletionProposals(ContentAssistProcessor.java:291)
	at org.eclipse.jface.text.contentassist.ContentAssistant$2.lambda$0(ContentAssistant.java:2014)
	at java.util.Collections$SingletonSet.forEach(Collections.java:4769)
	at org.eclipse.jface.text.contentassist.ContentAssistant$2.run(ContentAssistant.java:2013)
	at org.eclipse.core.runtime.SafeRunner.run(SafeRunner.java:45)
	at org.eclipse.jface.text.contentassist.ContentAssistant.computeCompletionProposals(ContentAssistant.java:2010)
	at org.eclipse.jface.text.contentassist.CompletionProposalPopup.computeProposals(CompletionProposalPopup.java:575)
	at org.eclipse.jface.text.contentassist.CompletionProposalPopup.lambda$0(CompletionProposalPopup.java:505)
	at org.eclipse.swt.custom.BusyIndicator.showWhile(BusyIndicator.java:72)
	at org.eclipse.jface.text.contentassist.CompletionProposalPopup.showProposals(CompletionProposalPopup.java:500)
	at org.eclipse.jface.text.contentassist.ContentAssistant$AutoAssistListener.lambda$0(ContentAssistant.java:380)
	at org.eclipse.swt.widgets.RunnableLock.run(RunnableLock.java:40)
	at org.eclipse.swt.widgets.Synchronizer.runAsyncMessages(Synchronizer.java:185)
	at org.eclipse.swt.widgets.Display.runAsyncMessages(Display.java:4103)
	at org.eclipse.swt.widgets.Display.readAndDispatch(Display.java:3770)
	at org.eclipse.e4.ui.internal.workbench.swt.PartRenderingEngine$5.run(PartRenderingEngine.java:1173)
	at org.eclipse.core.databinding.observable.Realm.runWithDefault(Realm.java:338)
	at org.eclipse.e4.ui.internal.workbench.swt.PartRenderingEngine.run(PartRenderingEngine.java:1062)
	at org.eclipse.e4.ui.internal.workbench.E4Workbench.createAndRunUI(E4Workbench.java:155)
	at org.eclipse.ui.internal.Workbench.lambda$3(Workbench.java:635)
	at org.eclipse.core.databinding.observable.Realm.runWithDefault(Realm.java:338)
	at org.eclipse.ui.internal.Workbench.createAndRunWorkbench(Workbench.java:559)
	at org.eclipse.ui.PlatformUI.createAndRunWorkbench(PlatformUI.java:150)
	at org.eclipse.ui.internal.ide.application.IDEApplication.start(IDEApplication.java:155)
	at org.eclipse.equinox.internal.app.EclipseAppHandle.run(EclipseAppHandle.java:203)
	at org.eclipse.core.runtime.internal.adaptor.EclipseAppLauncher.runApplication(EclipseAppLauncher.java:137)
	at org.eclipse.core.runtime.internal.adaptor.EclipseAppLauncher.start(EclipseAppLauncher.java:107)
	at org.eclipse.core.runtime.adaptor.EclipseStarter.run(EclipseStarter.java:400)
	at org.eclipse.core.runtime.adaptor.EclipseStarter.run(EclipseStarter.java:255)
	at sun.reflect.NativeMethodAccessorImpl.invoke0(Native Method)
	at sun.reflect.NativeMethodAccessorImpl.invoke(NativeMethodAccessorImpl.java:62)
	at sun.reflect.DelegatingMethodAccessorImpl.invoke(DelegatingMethodAccessorImpl.java:43)
	at java.lang.reflect.Method.invoke(Method.java:498)
	at org.eclipse.equinox.launcher.Main.invokeFramework(Main.java:660)
	at org.eclipse.equinox.launcher.Main.basicRun(Main.java:597)
	at org.eclipse.equinox.launcher.Main.run(Main.java:1468)
!SUBENTRY 1 org.eclipse.jdt.core 4 980 2019-12-10 13:19:08.617
!MESSAGE Index out of bounds

!ENTRY org.eclipse.jdt.ui 4 10001 2019-12-10 13:24:02.114
!MESSAGE Internal Error
!STACK 1
Java Model Exception: Java Model Status [Index out of bounds]
	at org.eclipse.jdt.internal.core.Openable.codeComplete(Openable.java:126)
	at org.eclipse.jdt.internal.core.CompilationUnit.codeComplete(CompilationUnit.java:368)
	at org.eclipse.jdt.internal.core.CompilationUnit.codeComplete(CompilationUnit.java:363)
	at org.eclipse.jdt.internal.core.CompilationUnit.codeComplete(CompilationUnit.java:353)
	at org.eclipse.jdt.ui.text.java.JavaContentAssistInvocationContext.computeKeywordsAndContext(JavaContentAssistInvocationContext.java:301)
	at org.eclipse.jdt.ui.text.java.JavaContentAssistInvocationContext.getCoreContext(JavaContentAssistInvocationContext.java:177)
	at org.eclipse.jdt.internal.ui.text.java.TemplateCompletionProposalComputer.computeCompletionEngine(TemplateCompletionProposalComputer.java:72)
	at org.eclipse.jdt.internal.ui.text.java.AbstractTemplateCompletionProposalComputer.computeCompletionProposals(AbstractTemplateCompletionProposalComputer.java:65)
	at org.eclipse.jdt.internal.ui.text.java.CompletionProposalComputerDescriptor.computeCompletionProposals(CompletionProposalComputerDescriptor.java:336)
	at org.eclipse.jdt.internal.ui.text.java.CompletionProposalCategory.computeCompletionProposals(CompletionProposalCategory.java:340)
	at org.eclipse.jdt.internal.ui.text.java.ContentAssistProcessor.collectProposals(ContentAssistProcessor.java:334)
	at org.eclipse.jdt.internal.ui.text.java.ContentAssistProcessor.computeCompletionProposals(ContentAssistProcessor.java:291)
	at org.eclipse.jface.text.contentassist.ContentAssistant$2.lambda$0(ContentAssistant.java:2014)
	at java.util.Collections$SingletonSet.forEach(Collections.java:4769)
	at org.eclipse.jface.text.contentassist.ContentAssistant$2.run(ContentAssistant.java:2013)
	at org.eclipse.core.runtime.SafeRunner.run(SafeRunner.java:45)
	at org.eclipse.jface.text.contentassist.ContentAssistant.computeCompletionProposals(ContentAssistant.java:2010)
	at org.eclipse.jface.text.contentassist.CompletionProposalPopup.computeProposals(CompletionProposalPopup.java:575)
	at org.eclipse.jface.text.contentassist.CompletionProposalPopup.lambda$0(CompletionProposalPopup.java:505)
	at org.eclipse.swt.custom.BusyIndicator.showWhile(BusyIndicator.java:72)
	at org.eclipse.jface.text.contentassist.CompletionProposalPopup.showProposals(CompletionProposalPopup.java:500)
	at org.eclipse.jface.text.contentassist.ContentAssistant$AutoAssistListener.lambda$0(ContentAssistant.java:380)
	at org.eclipse.swt.widgets.RunnableLock.run(RunnableLock.java:40)
	at org.eclipse.swt.widgets.Synchronizer.runAsyncMessages(Synchronizer.java:185)
	at org.eclipse.swt.widgets.Display.runAsyncMessages(Display.java:4103)
	at org.eclipse.swt.widgets.Display.readAndDispatch(Display.java:3770)
	at org.eclipse.e4.ui.internal.workbench.swt.PartRenderingEngine$5.run(PartRenderingEngine.java:1173)
	at org.eclipse.core.databinding.observable.Realm.runWithDefault(Realm.java:338)
	at org.eclipse.e4.ui.internal.workbench.swt.PartRenderingEngine.run(PartRenderingEngine.java:1062)
	at org.eclipse.e4.ui.internal.workbench.E4Workbench.createAndRunUI(E4Workbench.java:155)
	at org.eclipse.ui.internal.Workbench.lambda$3(Workbench.java:635)
	at org.eclipse.core.databinding.observable.Realm.runWithDefault(Realm.java:338)
	at org.eclipse.ui.internal.Workbench.createAndRunWorkbench(Workbench.java:559)
	at org.eclipse.ui.PlatformUI.createAndRunWorkbench(PlatformUI.java:150)
	at org.eclipse.ui.internal.ide.application.IDEApplication.start(IDEApplication.java:155)
	at org.eclipse.equinox.internal.app.EclipseAppHandle.run(EclipseAppHandle.java:203)
	at org.eclipse.core.runtime.internal.adaptor.EclipseAppLauncher.runApplication(EclipseAppLauncher.java:137)
	at org.eclipse.core.runtime.internal.adaptor.EclipseAppLauncher.start(EclipseAppLauncher.java:107)
	at org.eclipse.core.runtime.adaptor.EclipseStarter.run(EclipseStarter.java:400)
	at org.eclipse.core.runtime.adaptor.EclipseStarter.run(EclipseStarter.java:255)
	at sun.reflect.NativeMethodAccessorImpl.invoke0(Native Method)
	at sun.reflect.NativeMethodAccessorImpl.invoke(NativeMethodAccessorImpl.java:62)
	at sun.reflect.DelegatingMethodAccessorImpl.invoke(DelegatingMethodAccessorImpl.java:43)
	at java.lang.reflect.Method.invoke(Method.java:498)
	at org.eclipse.equinox.launcher.Main.invokeFramework(Main.java:660)
	at org.eclipse.equinox.launcher.Main.basicRun(Main.java:597)
	at org.eclipse.equinox.launcher.Main.run(Main.java:1468)
!SUBENTRY 1 org.eclipse.jdt.core 4 980 2019-12-10 13:24:02.114
!MESSAGE Index out of bounds

!ENTRY org.eclipse.jdt.ui 4 10001 2019-12-10 13:24:04.818
!MESSAGE Internal Error
!STACK 1
Java Model Exception: Java Model Status [Index out of bounds]
	at org.eclipse.jdt.internal.core.Openable.codeComplete(Openable.java:126)
	at org.eclipse.jdt.internal.core.CompilationUnit.codeComplete(CompilationUnit.java:368)
	at org.eclipse.jdt.internal.core.CompilationUnit.codeComplete(CompilationUnit.java:363)
	at org.eclipse.jdt.internal.core.CompilationUnit.codeComplete(CompilationUnit.java:353)
	at org.eclipse.jdt.ui.text.java.JavaContentAssistInvocationContext.computeKeywordsAndContext(JavaContentAssistInvocationContext.java:301)
	at org.eclipse.jdt.ui.text.java.JavaContentAssistInvocationContext.getCoreContext(JavaContentAssistInvocationContext.java:177)
	at org.eclipse.jdt.internal.ui.text.java.JavaTypeCompletionProposalComputer.computeCompletionProposals(JavaTypeCompletionProposalComputer.java:72)
	at org.eclipse.mylyn.internal.java.ui.editor.FocusedJavaAllProposalComputer.computeCompletionProposals(FocusedJavaAllProposalComputer.java:41)
	at org.eclipse.jdt.internal.ui.text.java.CompletionProposalComputerDescriptor.computeCompletionProposals(CompletionProposalComputerDescriptor.java:336)
	at org.eclipse.jdt.internal.ui.text.java.CompletionProposalCategory.computeCompletionProposals(CompletionProposalCategory.java:340)
	at org.eclipse.jdt.internal.ui.text.java.ContentAssistProcessor.collectProposals(ContentAssistProcessor.java:334)
	at org.eclipse.jdt.internal.ui.text.java.ContentAssistProcessor.computeCompletionProposals(ContentAssistProcessor.java:291)
	at org.eclipse.jface.text.contentassist.ContentAssistant$2.lambda$0(ContentAssistant.java:2014)
	at java.util.Collections$SingletonSet.forEach(Collections.java:4769)
	at org.eclipse.jface.text.contentassist.ContentAssistant$2.run(ContentAssistant.java:2013)
	at org.eclipse.core.runtime.SafeRunner.run(SafeRunner.java:45)
	at org.eclipse.jface.text.contentassist.ContentAssistant.computeCompletionProposals(ContentAssistant.java:2010)
	at org.eclipse.jface.text.contentassist.CompletionProposalPopup.computeProposals(CompletionProposalPopup.java:575)
	at org.eclipse.jface.text.contentassist.CompletionProposalPopup.lambda$0(CompletionProposalPopup.java:505)
	at org.eclipse.swt.custom.BusyIndicator.showWhile(BusyIndicator.java:72)
	at org.eclipse.jface.text.contentassist.CompletionProposalPopup.showProposals(CompletionProposalPopup.java:500)
	at org.eclipse.jface.text.contentassist.ContentAssistant$AutoAssistListener.lambda$0(ContentAssistant.java:380)
	at org.eclipse.swt.widgets.RunnableLock.run(RunnableLock.java:40)
	at org.eclipse.swt.widgets.Synchronizer.runAsyncMessages(Synchronizer.java:185)
	at org.eclipse.swt.widgets.Display.runAsyncMessages(Display.java:4103)
	at org.eclipse.swt.widgets.Display.readAndDispatch(Display.java:3770)
	at org.eclipse.e4.ui.internal.workbench.swt.PartRenderingEngine$5.run(PartRenderingEngine.java:1173)
	at org.eclipse.core.databinding.observable.Realm.runWithDefault(Realm.java:338)
	at org.eclipse.e4.ui.internal.workbench.swt.PartRenderingEngine.run(PartRenderingEngine.java:1062)
	at org.eclipse.e4.ui.internal.workbench.E4Workbench.createAndRunUI(E4Workbench.java:155)
	at org.eclipse.ui.internal.Workbench.lambda$3(Workbench.java:635)
	at org.eclipse.core.databinding.observable.Realm.runWithDefault(Realm.java:338)
	at org.eclipse.ui.internal.Workbench.createAndRunWorkbench(Workbench.java:559)
	at org.eclipse.ui.PlatformUI.createAndRunWorkbench(PlatformUI.java:150)
	at org.eclipse.ui.internal.ide.application.IDEApplication.start(IDEApplication.java:155)
	at org.eclipse.equinox.internal.app.EclipseAppHandle.run(EclipseAppHandle.java:203)
	at org.eclipse.core.runtime.internal.adaptor.EclipseAppLauncher.runApplication(EclipseAppLauncher.java:137)
	at org.eclipse.core.runtime.internal.adaptor.EclipseAppLauncher.start(EclipseAppLauncher.java:107)
	at org.eclipse.core.runtime.adaptor.EclipseStarter.run(EclipseStarter.java:400)
	at org.eclipse.core.runtime.adaptor.EclipseStarter.run(EclipseStarter.java:255)
	at sun.reflect.NativeMethodAccessorImpl.invoke0(Native Method)
	at sun.reflect.NativeMethodAccessorImpl.invoke(NativeMethodAccessorImpl.java:62)
	at sun.reflect.DelegatingMethodAccessorImpl.invoke(DelegatingMethodAccessorImpl.java:43)
	at java.lang.reflect.Method.invoke(Method.java:498)
	at org.eclipse.equinox.launcher.Main.invokeFramework(Main.java:660)
	at org.eclipse.equinox.launcher.Main.basicRun(Main.java:597)
	at org.eclipse.equinox.launcher.Main.run(Main.java:1468)
!SUBENTRY 1 org.eclipse.jdt.core 4 980 2019-12-10 13:24:04.819
!MESSAGE Index out of bounds

!ENTRY org.eclipse.jdt.ui 4 10001 2019-12-10 13:26:33.553
!MESSAGE Internal Error
!STACK 1
Java Model Exception: Java Model Status [Index out of bounds]
	at org.eclipse.jdt.internal.core.Openable.codeComplete(Openable.java:126)
	at org.eclipse.jdt.internal.core.CompilationUnit.codeComplete(CompilationUnit.java:368)
	at org.eclipse.jdt.internal.core.CompilationUnit.codeComplete(CompilationUnit.java:363)
	at org.eclipse.jdt.internal.core.CompilationUnit.codeComplete(CompilationUnit.java:353)
	at org.eclipse.jdt.ui.text.java.JavaContentAssistInvocationContext.computeKeywordsAndContext(JavaContentAssistInvocationContext.java:301)
	at org.eclipse.jdt.ui.text.java.JavaContentAssistInvocationContext.getCoreContext(JavaContentAssistInvocationContext.java:177)
	at org.eclipse.jdt.internal.ui.text.java.TemplateCompletionProposalComputer.computeCompletionEngine(TemplateCompletionProposalComputer.java:72)
	at org.eclipse.jdt.internal.ui.text.java.AbstractTemplateCompletionProposalComputer.computeCompletionProposals(AbstractTemplateCompletionProposalComputer.java:65)
	at org.eclipse.jdt.internal.ui.text.java.CompletionProposalComputerDescriptor.computeCompletionProposals(CompletionProposalComputerDescriptor.java:336)
	at org.eclipse.jdt.internal.ui.text.java.CompletionProposalCategory.computeCompletionProposals(CompletionProposalCategory.java:340)
	at org.eclipse.jdt.internal.ui.text.java.ContentAssistProcessor.collectProposals(ContentAssistProcessor.java:334)
	at org.eclipse.jdt.internal.ui.text.java.ContentAssistProcessor.computeCompletionProposals(ContentAssistProcessor.java:291)
	at org.eclipse.jface.text.contentassist.ContentAssistant$2.lambda$0(ContentAssistant.java:2014)
	at java.util.Collections$SingletonSet.forEach(Collections.java:4769)
	at org.eclipse.jface.text.contentassist.ContentAssistant$2.run(ContentAssistant.java:2013)
	at org.eclipse.core.runtime.SafeRunner.run(SafeRunner.java:45)
	at org.eclipse.jface.text.contentassist.ContentAssistant.computeCompletionProposals(ContentAssistant.java:2010)
	at org.eclipse.jface.text.contentassist.CompletionProposalPopup.computeProposals(CompletionProposalPopup.java:575)
	at org.eclipse.jface.text.contentassist.CompletionProposalPopup.lambda$0(CompletionProposalPopup.java:505)
	at org.eclipse.swt.custom.BusyIndicator.showWhile(BusyIndicator.java:72)
	at org.eclipse.jface.text.contentassist.CompletionProposalPopup.showProposals(CompletionProposalPopup.java:500)
	at org.eclipse.jface.text.contentassist.ContentAssistant$AutoAssistListener.lambda$0(ContentAssistant.java:380)
	at org.eclipse.swt.widgets.RunnableLock.run(RunnableLock.java:40)
	at org.eclipse.swt.widgets.Synchronizer.runAsyncMessages(Synchronizer.java:185)
	at org.eclipse.swt.widgets.Display.runAsyncMessages(Display.java:4103)
	at org.eclipse.swt.widgets.Display.readAndDispatch(Display.java:3770)
	at org.eclipse.e4.ui.internal.workbench.swt.PartRenderingEngine$5.run(PartRenderingEngine.java:1173)
	at org.eclipse.core.databinding.observable.Realm.runWithDefault(Realm.java:338)
	at org.eclipse.e4.ui.internal.workbench.swt.PartRenderingEngine.run(PartRenderingEngine.java:1062)
	at org.eclipse.e4.ui.internal.workbench.E4Workbench.createAndRunUI(E4Workbench.java:155)
	at org.eclipse.ui.internal.Workbench.lambda$3(Workbench.java:635)
	at org.eclipse.core.databinding.observable.Realm.runWithDefault(Realm.java:338)
	at org.eclipse.ui.internal.Workbench.createAndRunWorkbench(Workbench.java:559)
	at org.eclipse.ui.PlatformUI.createAndRunWorkbench(PlatformUI.java:150)
	at org.eclipse.ui.internal.ide.application.IDEApplication.start(IDEApplication.java:155)
	at org.eclipse.equinox.internal.app.EclipseAppHandle.run(EclipseAppHandle.java:203)
	at org.eclipse.core.runtime.internal.adaptor.EclipseAppLauncher.runApplication(EclipseAppLauncher.java:137)
	at org.eclipse.core.runtime.internal.adaptor.EclipseAppLauncher.start(EclipseAppLauncher.java:107)
	at org.eclipse.core.runtime.adaptor.EclipseStarter.run(EclipseStarter.java:400)
	at org.eclipse.core.runtime.adaptor.EclipseStarter.run(EclipseStarter.java:255)
	at sun.reflect.NativeMethodAccessorImpl.invoke0(Native Method)
	at sun.reflect.NativeMethodAccessorImpl.invoke(NativeMethodAccessorImpl.java:62)
	at sun.reflect.DelegatingMethodAccessorImpl.invoke(DelegatingMethodAccessorImpl.java:43)
	at java.lang.reflect.Method.invoke(Method.java:498)
	at org.eclipse.equinox.launcher.Main.invokeFramework(Main.java:660)
	at org.eclipse.equinox.launcher.Main.basicRun(Main.java:597)
	at org.eclipse.equinox.launcher.Main.run(Main.java:1468)
!SUBENTRY 1 org.eclipse.jdt.core 4 980 2019-12-10 13:26:33.553
!MESSAGE Index out of bounds

!ENTRY org.eclipse.jdt.ui 4 10001 2019-12-10 13:26:35.404
!MESSAGE Internal Error
!STACK 1
Java Model Exception: Java Model Status [Index out of bounds]
	at org.eclipse.jdt.internal.core.Openable.codeComplete(Openable.java:126)
	at org.eclipse.jdt.internal.core.CompilationUnit.codeComplete(CompilationUnit.java:368)
	at org.eclipse.jdt.internal.core.CompilationUnit.codeComplete(CompilationUnit.java:363)
	at org.eclipse.jdt.internal.core.CompilationUnit.codeComplete(CompilationUnit.java:353)
	at org.eclipse.jdt.ui.text.java.JavaContentAssistInvocationContext.computeKeywordsAndContext(JavaContentAssistInvocationContext.java:301)
	at org.eclipse.jdt.ui.text.java.JavaContentAssistInvocationContext.getCoreContext(JavaContentAssistInvocationContext.java:177)
	at org.eclipse.jdt.internal.ui.text.java.JavaTypeCompletionProposalComputer.computeCompletionProposals(JavaTypeCompletionProposalComputer.java:72)
	at org.eclipse.mylyn.internal.java.ui.editor.FocusedJavaAllProposalComputer.computeCompletionProposals(FocusedJavaAllProposalComputer.java:41)
	at org.eclipse.jdt.internal.ui.text.java.CompletionProposalComputerDescriptor.computeCompletionProposals(CompletionProposalComputerDescriptor.java:336)
	at org.eclipse.jdt.internal.ui.text.java.CompletionProposalCategory.computeCompletionProposals(CompletionProposalCategory.java:340)
	at org.eclipse.jdt.internal.ui.text.java.ContentAssistProcessor.collectProposals(ContentAssistProcessor.java:334)
	at org.eclipse.jdt.internal.ui.text.java.ContentAssistProcessor.computeCompletionProposals(ContentAssistProcessor.java:291)
	at org.eclipse.jface.text.contentassist.ContentAssistant$2.lambda$0(ContentAssistant.java:2014)
	at java.util.Collections$SingletonSet.forEach(Collections.java:4769)
	at org.eclipse.jface.text.contentassist.ContentAssistant$2.run(ContentAssistant.java:2013)
	at org.eclipse.core.runtime.SafeRunner.run(SafeRunner.java:45)
	at org.eclipse.jface.text.contentassist.ContentAssistant.computeCompletionProposals(ContentAssistant.java:2010)
	at org.eclipse.jface.text.contentassist.CompletionProposalPopup.computeProposals(CompletionProposalPopup.java:575)
	at org.eclipse.jface.text.contentassist.CompletionProposalPopup.lambda$0(CompletionProposalPopup.java:505)
	at org.eclipse.swt.custom.BusyIndicator.showWhile(BusyIndicator.java:72)
	at org.eclipse.jface.text.contentassist.CompletionProposalPopup.showProposals(CompletionProposalPopup.java:500)
	at org.eclipse.jface.text.contentassist.ContentAssistant$AutoAssistListener.lambda$0(ContentAssistant.java:380)
	at org.eclipse.swt.widgets.RunnableLock.run(RunnableLock.java:40)
	at org.eclipse.swt.widgets.Synchronizer.runAsyncMessages(Synchronizer.java:185)
	at org.eclipse.swt.widgets.Display.runAsyncMessages(Display.java:4103)
	at org.eclipse.swt.widgets.Display.readAndDispatch(Display.java:3770)
	at org.eclipse.e4.ui.internal.workbench.swt.PartRenderingEngine$5.run(PartRenderingEngine.java:1173)
	at org.eclipse.core.databinding.observable.Realm.runWithDefault(Realm.java:338)
	at org.eclipse.e4.ui.internal.workbench.swt.PartRenderingEngine.run(PartRenderingEngine.java:1062)
	at org.eclipse.e4.ui.internal.workbench.E4Workbench.createAndRunUI(E4Workbench.java:155)
	at org.eclipse.ui.internal.Workbench.lambda$3(Workbench.java:635)
	at org.eclipse.core.databinding.observable.Realm.runWithDefault(Realm.java:338)
	at org.eclipse.ui.internal.Workbench.createAndRunWorkbench(Workbench.java:559)
	at org.eclipse.ui.PlatformUI.createAndRunWorkbench(PlatformUI.java:150)
	at org.eclipse.ui.internal.ide.application.IDEApplication.start(IDEApplication.java:155)
	at org.eclipse.equinox.internal.app.EclipseAppHandle.run(EclipseAppHandle.java:203)
	at org.eclipse.core.runtime.internal.adaptor.EclipseAppLauncher.runApplication(EclipseAppLauncher.java:137)
	at org.eclipse.core.runtime.internal.adaptor.EclipseAppLauncher.start(EclipseAppLauncher.java:107)
	at org.eclipse.core.runtime.adaptor.EclipseStarter.run(EclipseStarter.java:400)
	at org.eclipse.core.runtime.adaptor.EclipseStarter.run(EclipseStarter.java:255)
	at sun.reflect.NativeMethodAccessorImpl.invoke0(Native Method)
	at sun.reflect.NativeMethodAccessorImpl.invoke(NativeMethodAccessorImpl.java:62)
	at sun.reflect.DelegatingMethodAccessorImpl.invoke(DelegatingMethodAccessorImpl.java:43)
	at java.lang.reflect.Method.invoke(Method.java:498)
	at org.eclipse.equinox.launcher.Main.invokeFramework(Main.java:660)
	at org.eclipse.equinox.launcher.Main.basicRun(Main.java:597)
	at org.eclipse.equinox.launcher.Main.run(Main.java:1468)
!SUBENTRY 1 org.eclipse.jdt.core 4 980 2019-12-10 13:26:35.404
!MESSAGE Index out of bounds

!ENTRY org.eclipse.jdt.ui 4 10001 2019-12-10 13:26:36.935
!MESSAGE Internal Error
!STACK 1
Java Model Exception: Java Model Status [Index out of bounds]
	at org.eclipse.jdt.internal.core.Openable.codeComplete(Openable.java:126)
	at org.eclipse.jdt.internal.core.CompilationUnit.codeComplete(CompilationUnit.java:368)
	at org.eclipse.jdt.internal.core.CompilationUnit.codeComplete(CompilationUnit.java:363)
	at org.eclipse.jdt.internal.core.CompilationUnit.codeComplete(CompilationUnit.java:353)
	at org.eclipse.jdt.ui.text.java.JavaContentAssistInvocationContext.computeKeywordsAndContext(JavaContentAssistInvocationContext.java:301)
	at org.eclipse.jdt.ui.text.java.JavaContentAssistInvocationContext.getCoreContext(JavaContentAssistInvocationContext.java:177)
	at org.eclipse.jdt.internal.ui.text.java.TemplateCompletionProposalComputer.computeCompletionEngine(TemplateCompletionProposalComputer.java:72)
	at org.eclipse.jdt.internal.ui.text.java.AbstractTemplateCompletionProposalComputer.computeCompletionProposals(AbstractTemplateCompletionProposalComputer.java:65)
	at org.eclipse.jdt.internal.ui.text.java.CompletionProposalComputerDescriptor.computeCompletionProposals(CompletionProposalComputerDescriptor.java:336)
	at org.eclipse.jdt.internal.ui.text.java.CompletionProposalCategory.computeCompletionProposals(CompletionProposalCategory.java:340)
	at org.eclipse.jdt.internal.ui.text.java.ContentAssistProcessor.collectProposals(ContentAssistProcessor.java:334)
	at org.eclipse.jdt.internal.ui.text.java.ContentAssistProcessor.computeCompletionProposals(ContentAssistProcessor.java:291)
	at org.eclipse.jface.text.contentassist.ContentAssistant$2.lambda$0(ContentAssistant.java:2014)
	at java.util.Collections$SingletonSet.forEach(Collections.java:4769)
	at org.eclipse.jface.text.contentassist.ContentAssistant$2.run(ContentAssistant.java:2013)
	at org.eclipse.core.runtime.SafeRunner.run(SafeRunner.java:45)
	at org.eclipse.jface.text.contentassist.ContentAssistant.computeCompletionProposals(ContentAssistant.java:2010)
	at org.eclipse.jface.text.contentassist.CompletionProposalPopup.computeProposals(CompletionProposalPopup.java:575)
	at org.eclipse.jface.text.contentassist.CompletionProposalPopup.lambda$0(CompletionProposalPopup.java:505)
	at org.eclipse.swt.custom.BusyIndicator.showWhile(BusyIndicator.java:72)
	at org.eclipse.jface.text.contentassist.CompletionProposalPopup.showProposals(CompletionProposalPopup.java:500)
	at org.eclipse.jface.text.contentassist.ContentAssistant$AutoAssistListener.lambda$0(ContentAssistant.java:380)
	at org.eclipse.swt.widgets.RunnableLock.run(RunnableLock.java:40)
	at org.eclipse.swt.widgets.Synchronizer.runAsyncMessages(Synchronizer.java:185)
	at org.eclipse.swt.widgets.Display.runAsyncMessages(Display.java:4103)
	at org.eclipse.swt.widgets.Display.readAndDispatch(Display.java:3770)
	at org.eclipse.e4.ui.internal.workbench.swt.PartRenderingEngine$5.run(PartRenderingEngine.java:1173)
	at org.eclipse.core.databinding.observable.Realm.runWithDefault(Realm.java:338)
	at org.eclipse.e4.ui.internal.workbench.swt.PartRenderingEngine.run(PartRenderingEngine.java:1062)
	at org.eclipse.e4.ui.internal.workbench.E4Workbench.createAndRunUI(E4Workbench.java:155)
	at org.eclipse.ui.internal.Workbench.lambda$3(Workbench.java:635)
	at org.eclipse.core.databinding.observable.Realm.runWithDefault(Realm.java:338)
	at org.eclipse.ui.internal.Workbench.createAndRunWorkbench(Workbench.java:559)
	at org.eclipse.ui.PlatformUI.createAndRunWorkbench(PlatformUI.java:150)
	at org.eclipse.ui.internal.ide.application.IDEApplication.start(IDEApplication.java:155)
	at org.eclipse.equinox.internal.app.EclipseAppHandle.run(EclipseAppHandle.java:203)
	at org.eclipse.core.runtime.internal.adaptor.EclipseAppLauncher.runApplication(EclipseAppLauncher.java:137)
	at org.eclipse.core.runtime.internal.adaptor.EclipseAppLauncher.start(EclipseAppLauncher.java:107)
	at org.eclipse.core.runtime.adaptor.EclipseStarter.run(EclipseStarter.java:400)
	at org.eclipse.core.runtime.adaptor.EclipseStarter.run(EclipseStarter.java:255)
	at sun.reflect.NativeMethodAccessorImpl.invoke0(Native Method)
	at sun.reflect.NativeMethodAccessorImpl.invoke(NativeMethodAccessorImpl.java:62)
	at sun.reflect.DelegatingMethodAccessorImpl.invoke(DelegatingMethodAccessorImpl.java:43)
	at java.lang.reflect.Method.invoke(Method.java:498)
	at org.eclipse.equinox.launcher.Main.invokeFramework(Main.java:660)
	at org.eclipse.equinox.launcher.Main.basicRun(Main.java:597)
	at org.eclipse.equinox.launcher.Main.run(Main.java:1468)
!SUBENTRY 1 org.eclipse.jdt.core 4 980 2019-12-10 13:26:36.935
!MESSAGE Index out of bounds

!ENTRY org.eclipse.jdt.ui 4 10001 2019-12-10 13:26:38.298
!MESSAGE Internal Error
!STACK 1
Java Model Exception: Java Model Status [Index out of bounds]
	at org.eclipse.jdt.internal.core.Openable.codeComplete(Openable.java:126)
	at org.eclipse.jdt.internal.core.CompilationUnit.codeComplete(CompilationUnit.java:368)
	at org.eclipse.jdt.internal.core.CompilationUnit.codeComplete(CompilationUnit.java:363)
	at org.eclipse.jdt.internal.core.CompilationUnit.codeComplete(CompilationUnit.java:353)
	at org.eclipse.jdt.ui.text.java.JavaContentAssistInvocationContext.computeKeywordsAndContext(JavaContentAssistInvocationContext.java:301)
	at org.eclipse.jdt.ui.text.java.JavaContentAssistInvocationContext.getCoreContext(JavaContentAssistInvocationContext.java:177)
	at org.eclipse.jdt.internal.ui.text.java.JavaTypeCompletionProposalComputer.computeCompletionProposals(JavaTypeCompletionProposalComputer.java:72)
	at org.eclipse.mylyn.internal.java.ui.editor.FocusedJavaAllProposalComputer.computeCompletionProposals(FocusedJavaAllProposalComputer.java:41)
	at org.eclipse.jdt.internal.ui.text.java.CompletionProposalComputerDescriptor.computeCompletionProposals(CompletionProposalComputerDescriptor.java:336)
	at org.eclipse.jdt.internal.ui.text.java.CompletionProposalCategory.computeCompletionProposals(CompletionProposalCategory.java:340)
	at org.eclipse.jdt.internal.ui.text.java.ContentAssistProcessor.collectProposals(ContentAssistProcessor.java:334)
	at org.eclipse.jdt.internal.ui.text.java.ContentAssistProcessor.computeCompletionProposals(ContentAssistProcessor.java:291)
	at org.eclipse.jface.text.contentassist.ContentAssistant$2.lambda$0(ContentAssistant.java:2014)
	at java.util.Collections$SingletonSet.forEach(Collections.java:4769)
	at org.eclipse.jface.text.contentassist.ContentAssistant$2.run(ContentAssistant.java:2013)
	at org.eclipse.core.runtime.SafeRunner.run(SafeRunner.java:45)
	at org.eclipse.jface.text.contentassist.ContentAssistant.computeCompletionProposals(ContentAssistant.java:2010)
	at org.eclipse.jface.text.contentassist.CompletionProposalPopup.computeProposals(CompletionProposalPopup.java:575)
	at org.eclipse.jface.text.contentassist.CompletionProposalPopup.lambda$0(CompletionProposalPopup.java:505)
	at org.eclipse.swt.custom.BusyIndicator.showWhile(BusyIndicator.java:72)
	at org.eclipse.jface.text.contentassist.CompletionProposalPopup.showProposals(CompletionProposalPopup.java:500)
	at org.eclipse.jface.text.contentassist.ContentAssistant$AutoAssistListener.lambda$0(ContentAssistant.java:380)
	at org.eclipse.swt.widgets.RunnableLock.run(RunnableLock.java:40)
	at org.eclipse.swt.widgets.Synchronizer.runAsyncMessages(Synchronizer.java:185)
	at org.eclipse.swt.widgets.Display.runAsyncMessages(Display.java:4103)
	at org.eclipse.swt.widgets.Display.readAndDispatch(Display.java:3770)
	at org.eclipse.e4.ui.internal.workbench.swt.PartRenderingEngine$5.run(PartRenderingEngine.java:1173)
	at org.eclipse.core.databinding.observable.Realm.runWithDefault(Realm.java:338)
	at org.eclipse.e4.ui.internal.workbench.swt.PartRenderingEngine.run(PartRenderingEngine.java:1062)
	at org.eclipse.e4.ui.internal.workbench.E4Workbench.createAndRunUI(E4Workbench.java:155)
	at org.eclipse.ui.internal.Workbench.lambda$3(Workbench.java:635)
	at org.eclipse.core.databinding.observable.Realm.runWithDefault(Realm.java:338)
	at org.eclipse.ui.internal.Workbench.createAndRunWorkbench(Workbench.java:559)
	at org.eclipse.ui.PlatformUI.createAndRunWorkbench(PlatformUI.java:150)
	at org.eclipse.ui.internal.ide.application.IDEApplication.start(IDEApplication.java:155)
	at org.eclipse.equinox.internal.app.EclipseAppHandle.run(EclipseAppHandle.java:203)
	at org.eclipse.core.runtime.internal.adaptor.EclipseAppLauncher.runApplication(EclipseAppLauncher.java:137)
	at org.eclipse.core.runtime.internal.adaptor.EclipseAppLauncher.start(EclipseAppLauncher.java:107)
	at org.eclipse.core.runtime.adaptor.EclipseStarter.run(EclipseStarter.java:400)
	at org.eclipse.core.runtime.adaptor.EclipseStarter.run(EclipseStarter.java:255)
	at sun.reflect.NativeMethodAccessorImpl.invoke0(Native Method)
	at sun.reflect.NativeMethodAccessorImpl.invoke(NativeMethodAccessorImpl.java:62)
	at sun.reflect.DelegatingMethodAccessorImpl.invoke(DelegatingMethodAccessorImpl.java:43)
	at java.lang.reflect.Method.invoke(Method.java:498)
	at org.eclipse.equinox.launcher.Main.invokeFramework(Main.java:660)
	at org.eclipse.equinox.launcher.Main.basicRun(Main.java:597)
	at org.eclipse.equinox.launcher.Main.run(Main.java:1468)
!SUBENTRY 1 org.eclipse.jdt.core 4 980 2019-12-10 13:26:38.298
!MESSAGE Index out of bounds

!ENTRY org.eclipse.jdt.ui 4 10001 2019-12-10 13:26:54.780
!MESSAGE Internal Error
!STACK 1
Java Model Exception: Java Model Status [Index out of bounds]
	at org.eclipse.jdt.internal.core.Openable.codeComplete(Openable.java:126)
	at org.eclipse.jdt.internal.core.CompilationUnit.codeComplete(CompilationUnit.java:368)
	at org.eclipse.jdt.internal.core.CompilationUnit.codeComplete(CompilationUnit.java:363)
	at org.eclipse.jdt.internal.core.CompilationUnit.codeComplete(CompilationUnit.java:353)
	at org.eclipse.jdt.ui.text.java.JavaContentAssistInvocationContext.computeKeywordsAndContext(JavaContentAssistInvocationContext.java:301)
	at org.eclipse.jdt.ui.text.java.JavaContentAssistInvocationContext.getCoreContext(JavaContentAssistInvocationContext.java:177)
	at org.eclipse.jdt.internal.ui.text.java.TemplateCompletionProposalComputer.computeCompletionEngine(TemplateCompletionProposalComputer.java:72)
	at org.eclipse.jdt.internal.ui.text.java.AbstractTemplateCompletionProposalComputer.computeCompletionProposals(AbstractTemplateCompletionProposalComputer.java:65)
	at org.eclipse.jdt.internal.ui.text.java.CompletionProposalComputerDescriptor.computeCompletionProposals(CompletionProposalComputerDescriptor.java:336)
	at org.eclipse.jdt.internal.ui.text.java.CompletionProposalCategory.computeCompletionProposals(CompletionProposalCategory.java:340)
	at org.eclipse.jdt.internal.ui.text.java.ContentAssistProcessor.collectProposals(ContentAssistProcessor.java:334)
	at org.eclipse.jdt.internal.ui.text.java.ContentAssistProcessor.computeCompletionProposals(ContentAssistProcessor.java:291)
	at org.eclipse.jface.text.contentassist.ContentAssistant$2.lambda$0(ContentAssistant.java:2014)
	at java.util.Collections$SingletonSet.forEach(Collections.java:4769)
	at org.eclipse.jface.text.contentassist.ContentAssistant$2.run(ContentAssistant.java:2013)
	at org.eclipse.core.runtime.SafeRunner.run(SafeRunner.java:45)
	at org.eclipse.jface.text.contentassist.ContentAssistant.computeCompletionProposals(ContentAssistant.java:2010)
	at org.eclipse.jface.text.contentassist.CompletionProposalPopup.computeProposals(CompletionProposalPopup.java:575)
	at org.eclipse.jface.text.contentassist.CompletionProposalPopup.lambda$0(CompletionProposalPopup.java:505)
	at org.eclipse.swt.custom.BusyIndicator.showWhile(BusyIndicator.java:72)
	at org.eclipse.jface.text.contentassist.CompletionProposalPopup.showProposals(CompletionProposalPopup.java:500)
	at org.eclipse.jface.text.contentassist.ContentAssistant$AutoAssistListener.lambda$0(ContentAssistant.java:380)
	at org.eclipse.swt.widgets.RunnableLock.run(RunnableLock.java:40)
	at org.eclipse.swt.widgets.Synchronizer.runAsyncMessages(Synchronizer.java:185)
	at org.eclipse.swt.widgets.Display.runAsyncMessages(Display.java:4103)
	at org.eclipse.swt.widgets.Display.readAndDispatch(Display.java:3770)
	at org.eclipse.e4.ui.internal.workbench.swt.PartRenderingEngine$5.run(PartRenderingEngine.java:1173)
	at org.eclipse.core.databinding.observable.Realm.runWithDefault(Realm.java:338)
	at org.eclipse.e4.ui.internal.workbench.swt.PartRenderingEngine.run(PartRenderingEngine.java:1062)
	at org.eclipse.e4.ui.internal.workbench.E4Workbench.createAndRunUI(E4Workbench.java:155)
	at org.eclipse.ui.internal.Workbench.lambda$3(Workbench.java:635)
	at org.eclipse.core.databinding.observable.Realm.runWithDefault(Realm.java:338)
	at org.eclipse.ui.internal.Workbench.createAndRunWorkbench(Workbench.java:559)
	at org.eclipse.ui.PlatformUI.createAndRunWorkbench(PlatformUI.java:150)
	at org.eclipse.ui.internal.ide.application.IDEApplication.start(IDEApplication.java:155)
	at org.eclipse.equinox.internal.app.EclipseAppHandle.run(EclipseAppHandle.java:203)
	at org.eclipse.core.runtime.internal.adaptor.EclipseAppLauncher.runApplication(EclipseAppLauncher.java:137)
	at org.eclipse.core.runtime.internal.adaptor.EclipseAppLauncher.start(EclipseAppLauncher.java:107)
	at org.eclipse.core.runtime.adaptor.EclipseStarter.run(EclipseStarter.java:400)
	at org.eclipse.core.runtime.adaptor.EclipseStarter.run(EclipseStarter.java:255)
	at sun.reflect.NativeMethodAccessorImpl.invoke0(Native Method)
	at sun.reflect.NativeMethodAccessorImpl.invoke(NativeMethodAccessorImpl.java:62)
	at sun.reflect.DelegatingMethodAccessorImpl.invoke(DelegatingMethodAccessorImpl.java:43)
	at java.lang.reflect.Method.invoke(Method.java:498)
	at org.eclipse.equinox.launcher.Main.invokeFramework(Main.java:660)
	at org.eclipse.equinox.launcher.Main.basicRun(Main.java:597)
	at org.eclipse.equinox.launcher.Main.run(Main.java:1468)
!SUBENTRY 1 org.eclipse.jdt.core 4 980 2019-12-10 13:26:54.780
!MESSAGE Index out of bounds

!ENTRY org.eclipse.jdt.ui 4 10001 2019-12-10 13:26:56.696
!MESSAGE Internal Error
!STACK 1
Java Model Exception: Java Model Status [Index out of bounds]
	at org.eclipse.jdt.internal.core.Openable.codeComplete(Openable.java:126)
	at org.eclipse.jdt.internal.core.CompilationUnit.codeComplete(CompilationUnit.java:368)
	at org.eclipse.jdt.internal.core.CompilationUnit.codeComplete(CompilationUnit.java:363)
	at org.eclipse.jdt.internal.core.CompilationUnit.codeComplete(CompilationUnit.java:353)
	at org.eclipse.jdt.ui.text.java.JavaContentAssistInvocationContext.computeKeywordsAndContext(JavaContentAssistInvocationContext.java:301)
	at org.eclipse.jdt.ui.text.java.JavaContentAssistInvocationContext.getCoreContext(JavaContentAssistInvocationContext.java:177)
	at org.eclipse.jdt.internal.ui.text.java.JavaTypeCompletionProposalComputer.computeCompletionProposals(JavaTypeCompletionProposalComputer.java:72)
	at org.eclipse.mylyn.internal.java.ui.editor.FocusedJavaAllProposalComputer.computeCompletionProposals(FocusedJavaAllProposalComputer.java:41)
	at org.eclipse.jdt.internal.ui.text.java.CompletionProposalComputerDescriptor.computeCompletionProposals(CompletionProposalComputerDescriptor.java:336)
	at org.eclipse.jdt.internal.ui.text.java.CompletionProposalCategory.computeCompletionProposals(CompletionProposalCategory.java:340)
	at org.eclipse.jdt.internal.ui.text.java.ContentAssistProcessor.collectProposals(ContentAssistProcessor.java:334)
	at org.eclipse.jdt.internal.ui.text.java.ContentAssistProcessor.computeCompletionProposals(ContentAssistProcessor.java:291)
	at org.eclipse.jface.text.contentassist.ContentAssistant$2.lambda$0(ContentAssistant.java:2014)
	at java.util.Collections$SingletonSet.forEach(Collections.java:4769)
	at org.eclipse.jface.text.contentassist.ContentAssistant$2.run(ContentAssistant.java:2013)
	at org.eclipse.core.runtime.SafeRunner.run(SafeRunner.java:45)
	at org.eclipse.jface.text.contentassist.ContentAssistant.computeCompletionProposals(ContentAssistant.java:2010)
	at org.eclipse.jface.text.contentassist.CompletionProposalPopup.computeProposals(CompletionProposalPopup.java:575)
	at org.eclipse.jface.text.contentassist.CompletionProposalPopup.lambda$0(CompletionProposalPopup.java:505)
	at org.eclipse.swt.custom.BusyIndicator.showWhile(BusyIndicator.java:72)
	at org.eclipse.jface.text.contentassist.CompletionProposalPopup.showProposals(CompletionProposalPopup.java:500)
	at org.eclipse.jface.text.contentassist.ContentAssistant$AutoAssistListener.lambda$0(ContentAssistant.java:380)
	at org.eclipse.swt.widgets.RunnableLock.run(RunnableLock.java:40)
	at org.eclipse.swt.widgets.Synchronizer.runAsyncMessages(Synchronizer.java:185)
	at org.eclipse.swt.widgets.Display.runAsyncMessages(Display.java:4103)
	at org.eclipse.swt.widgets.Display.readAndDispatch(Display.java:3770)
	at org.eclipse.e4.ui.internal.workbench.swt.PartRenderingEngine$5.run(PartRenderingEngine.java:1173)
	at org.eclipse.core.databinding.observable.Realm.runWithDefault(Realm.java:338)
	at org.eclipse.e4.ui.internal.workbench.swt.PartRenderingEngine.run(PartRenderingEngine.java:1062)
	at org.eclipse.e4.ui.internal.workbench.E4Workbench.createAndRunUI(E4Workbench.java:155)
	at org.eclipse.ui.internal.Workbench.lambda$3(Workbench.java:635)
	at org.eclipse.core.databinding.observable.Realm.runWithDefault(Realm.java:338)
	at org.eclipse.ui.internal.Workbench.createAndRunWorkbench(Workbench.java:559)
	at org.eclipse.ui.PlatformUI.createAndRunWorkbench(PlatformUI.java:150)
	at org.eclipse.ui.internal.ide.application.IDEApplication.start(IDEApplication.java:155)
	at org.eclipse.equinox.internal.app.EclipseAppHandle.run(EclipseAppHandle.java:203)
	at org.eclipse.core.runtime.internal.adaptor.EclipseAppLauncher.runApplication(EclipseAppLauncher.java:137)
	at org.eclipse.core.runtime.internal.adaptor.EclipseAppLauncher.start(EclipseAppLauncher.java:107)
	at org.eclipse.core.runtime.adaptor.EclipseStarter.run(EclipseStarter.java:400)
	at org.eclipse.core.runtime.adaptor.EclipseStarter.run(EclipseStarter.java:255)
	at sun.reflect.NativeMethodAccessorImpl.invoke0(Native Method)
	at sun.reflect.NativeMethodAccessorImpl.invoke(NativeMethodAccessorImpl.java:62)
	at sun.reflect.DelegatingMethodAccessorImpl.invoke(DelegatingMethodAccessorImpl.java:43)
	at java.lang.reflect.Method.invoke(Method.java:498)
	at org.eclipse.equinox.launcher.Main.invokeFramework(Main.java:660)
	at org.eclipse.equinox.launcher.Main.basicRun(Main.java:597)
	at org.eclipse.equinox.launcher.Main.run(Main.java:1468)
!SUBENTRY 1 org.eclipse.jdt.core 4 980 2019-12-10 13:26:56.696
!MESSAGE Index out of bounds

!ENTRY org.eclipse.jdt.ui 4 10001 2019-12-10 13:26:58.177
!MESSAGE Internal Error
!STACK 1
Java Model Exception: Java Model Status [Index out of bounds]
	at org.eclipse.jdt.internal.core.Openable.codeComplete(Openable.java:126)
	at org.eclipse.jdt.internal.core.CompilationUnit.codeComplete(CompilationUnit.java:368)
	at org.eclipse.jdt.internal.core.CompilationUnit.codeComplete(CompilationUnit.java:363)
	at org.eclipse.jdt.internal.core.CompilationUnit.codeComplete(CompilationUnit.java:353)
	at org.eclipse.jdt.ui.text.java.JavaContentAssistInvocationContext.computeKeywordsAndContext(JavaContentAssistInvocationContext.java:301)
	at org.eclipse.jdt.ui.text.java.JavaContentAssistInvocationContext.getCoreContext(JavaContentAssistInvocationContext.java:177)
	at org.eclipse.jdt.internal.ui.text.java.TemplateCompletionProposalComputer.computeCompletionEngine(TemplateCompletionProposalComputer.java:72)
	at org.eclipse.jdt.internal.ui.text.java.AbstractTemplateCompletionProposalComputer.computeCompletionProposals(AbstractTemplateCompletionProposalComputer.java:65)
	at org.eclipse.jdt.internal.ui.text.java.CompletionProposalComputerDescriptor.computeCompletionProposals(CompletionProposalComputerDescriptor.java:336)
	at org.eclipse.jdt.internal.ui.text.java.CompletionProposalCategory.computeCompletionProposals(CompletionProposalCategory.java:340)
	at org.eclipse.jdt.internal.ui.text.java.ContentAssistProcessor.collectProposals(ContentAssistProcessor.java:334)
	at org.eclipse.jdt.internal.ui.text.java.ContentAssistProcessor.computeCompletionProposals(ContentAssistProcessor.java:291)
	at org.eclipse.jface.text.contentassist.ContentAssistant$2.lambda$0(ContentAssistant.java:2014)
	at java.util.Collections$SingletonSet.forEach(Collections.java:4769)
	at org.eclipse.jface.text.contentassist.ContentAssistant$2.run(ContentAssistant.java:2013)
	at org.eclipse.core.runtime.SafeRunner.run(SafeRunner.java:45)
	at org.eclipse.jface.text.contentassist.ContentAssistant.computeCompletionProposals(ContentAssistant.java:2010)
	at org.eclipse.jface.text.contentassist.CompletionProposalPopup.computeProposals(CompletionProposalPopup.java:575)
	at org.eclipse.jface.text.contentassist.CompletionProposalPopup.lambda$0(CompletionProposalPopup.java:505)
	at org.eclipse.swt.custom.BusyIndicator.showWhile(BusyIndicator.java:72)
	at org.eclipse.jface.text.contentassist.CompletionProposalPopup.showProposals(CompletionProposalPopup.java:500)
	at org.eclipse.jface.text.contentassist.ContentAssistant$AutoAssistListener.lambda$0(ContentAssistant.java:380)
	at org.eclipse.swt.widgets.RunnableLock.run(RunnableLock.java:40)
	at org.eclipse.swt.widgets.Synchronizer.runAsyncMessages(Synchronizer.java:185)
	at org.eclipse.swt.widgets.Display.runAsyncMessages(Display.java:4103)
	at org.eclipse.swt.widgets.Display.readAndDispatch(Display.java:3770)
	at org.eclipse.e4.ui.internal.workbench.swt.PartRenderingEngine$5.run(PartRenderingEngine.java:1173)
	at org.eclipse.core.databinding.observable.Realm.runWithDefault(Realm.java:338)
	at org.eclipse.e4.ui.internal.workbench.swt.PartRenderingEngine.run(PartRenderingEngine.java:1062)
	at org.eclipse.e4.ui.internal.workbench.E4Workbench.createAndRunUI(E4Workbench.java:155)
	at org.eclipse.ui.internal.Workbench.lambda$3(Workbench.java:635)
	at org.eclipse.core.databinding.observable.Realm.runWithDefault(Realm.java:338)
	at org.eclipse.ui.internal.Workbench.createAndRunWorkbench(Workbench.java:559)
	at org.eclipse.ui.PlatformUI.createAndRunWorkbench(PlatformUI.java:150)
	at org.eclipse.ui.internal.ide.application.IDEApplication.start(IDEApplication.java:155)
	at org.eclipse.equinox.internal.app.EclipseAppHandle.run(EclipseAppHandle.java:203)
	at org.eclipse.core.runtime.internal.adaptor.EclipseAppLauncher.runApplication(EclipseAppLauncher.java:137)
	at org.eclipse.core.runtime.internal.adaptor.EclipseAppLauncher.start(EclipseAppLauncher.java:107)
	at org.eclipse.core.runtime.adaptor.EclipseStarter.run(EclipseStarter.java:400)
	at org.eclipse.core.runtime.adaptor.EclipseStarter.run(EclipseStarter.java:255)
	at sun.reflect.NativeMethodAccessorImpl.invoke0(Native Method)
	at sun.reflect.NativeMethodAccessorImpl.invoke(NativeMethodAccessorImpl.java:62)
	at sun.reflect.DelegatingMethodAccessorImpl.invoke(DelegatingMethodAccessorImpl.java:43)
	at java.lang.reflect.Method.invoke(Method.java:498)
	at org.eclipse.equinox.launcher.Main.invokeFramework(Main.java:660)
	at org.eclipse.equinox.launcher.Main.basicRun(Main.java:597)
	at org.eclipse.equinox.launcher.Main.run(Main.java:1468)
!SUBENTRY 1 org.eclipse.jdt.core 4 980 2019-12-10 13:26:58.178
!MESSAGE Index out of bounds

!ENTRY org.eclipse.jdt.ui 4 10001 2019-12-10 13:26:59.883
!MESSAGE Internal Error
!STACK 1
Java Model Exception: Java Model Status [Index out of bounds]
	at org.eclipse.jdt.internal.core.Openable.codeComplete(Openable.java:126)
	at org.eclipse.jdt.internal.core.CompilationUnit.codeComplete(CompilationUnit.java:368)
	at org.eclipse.jdt.internal.core.CompilationUnit.codeComplete(CompilationUnit.java:363)
	at org.eclipse.jdt.internal.core.CompilationUnit.codeComplete(CompilationUnit.java:353)
	at org.eclipse.jdt.ui.text.java.JavaContentAssistInvocationContext.computeKeywordsAndContext(JavaContentAssistInvocationContext.java:301)
	at org.eclipse.jdt.ui.text.java.JavaContentAssistInvocationContext.getCoreContext(JavaContentAssistInvocationContext.java:177)
	at org.eclipse.jdt.internal.ui.text.java.JavaTypeCompletionProposalComputer.computeCompletionProposals(JavaTypeCompletionProposalComputer.java:72)
	at org.eclipse.mylyn.internal.java.ui.editor.FocusedJavaAllProposalComputer.computeCompletionProposals(FocusedJavaAllProposalComputer.java:41)
	at org.eclipse.jdt.internal.ui.text.java.CompletionProposalComputerDescriptor.computeCompletionProposals(CompletionProposalComputerDescriptor.java:336)
	at org.eclipse.jdt.internal.ui.text.java.CompletionProposalCategory.computeCompletionProposals(CompletionProposalCategory.java:340)
	at org.eclipse.jdt.internal.ui.text.java.ContentAssistProcessor.collectProposals(ContentAssistProcessor.java:334)
	at org.eclipse.jdt.internal.ui.text.java.ContentAssistProcessor.computeCompletionProposals(ContentAssistProcessor.java:291)
	at org.eclipse.jface.text.contentassist.ContentAssistant$2.lambda$0(ContentAssistant.java:2014)
	at java.util.Collections$SingletonSet.forEach(Collections.java:4769)
	at org.eclipse.jface.text.contentassist.ContentAssistant$2.run(ContentAssistant.java:2013)
	at org.eclipse.core.runtime.SafeRunner.run(SafeRunner.java:45)
	at org.eclipse.jface.text.contentassist.ContentAssistant.computeCompletionProposals(ContentAssistant.java:2010)
	at org.eclipse.jface.text.contentassist.CompletionProposalPopup.computeProposals(CompletionProposalPopup.java:575)
	at org.eclipse.jface.text.contentassist.CompletionProposalPopup.lambda$0(CompletionProposalPopup.java:505)
	at org.eclipse.swt.custom.BusyIndicator.showWhile(BusyIndicator.java:72)
	at org.eclipse.jface.text.contentassist.CompletionProposalPopup.showProposals(CompletionProposalPopup.java:500)
	at org.eclipse.jface.text.contentassist.ContentAssistant$AutoAssistListener.lambda$0(ContentAssistant.java:380)
	at org.eclipse.swt.widgets.RunnableLock.run(RunnableLock.java:40)
	at org.eclipse.swt.widgets.Synchronizer.runAsyncMessages(Synchronizer.java:185)
	at org.eclipse.swt.widgets.Display.runAsyncMessages(Display.java:4103)
	at org.eclipse.swt.widgets.Display.readAndDispatch(Display.java:3770)
	at org.eclipse.e4.ui.internal.workbench.swt.PartRenderingEngine$5.run(PartRenderingEngine.java:1173)
	at org.eclipse.core.databinding.observable.Realm.runWithDefault(Realm.java:338)
	at org.eclipse.e4.ui.internal.workbench.swt.PartRenderingEngine.run(PartRenderingEngine.java:1062)
	at org.eclipse.e4.ui.internal.workbench.E4Workbench.createAndRunUI(E4Workbench.java:155)
	at org.eclipse.ui.internal.Workbench.lambda$3(Workbench.java:635)
	at org.eclipse.core.databinding.observable.Realm.runWithDefault(Realm.java:338)
	at org.eclipse.ui.internal.Workbench.createAndRunWorkbench(Workbench.java:559)
	at org.eclipse.ui.PlatformUI.createAndRunWorkbench(PlatformUI.java:150)
	at org.eclipse.ui.internal.ide.application.IDEApplication.start(IDEApplication.java:155)
	at org.eclipse.equinox.internal.app.EclipseAppHandle.run(EclipseAppHandle.java:203)
	at org.eclipse.core.runtime.internal.adaptor.EclipseAppLauncher.runApplication(EclipseAppLauncher.java:137)
	at org.eclipse.core.runtime.internal.adaptor.EclipseAppLauncher.start(EclipseAppLauncher.java:107)
	at org.eclipse.core.runtime.adaptor.EclipseStarter.run(EclipseStarter.java:400)
	at org.eclipse.core.runtime.adaptor.EclipseStarter.run(EclipseStarter.java:255)
	at sun.reflect.NativeMethodAccessorImpl.invoke0(Native Method)
	at sun.reflect.NativeMethodAccessorImpl.invoke(NativeMethodAccessorImpl.java:62)
	at sun.reflect.DelegatingMethodAccessorImpl.invoke(DelegatingMethodAccessorImpl.java:43)
	at java.lang.reflect.Method.invoke(Method.java:498)
	at org.eclipse.equinox.launcher.Main.invokeFramework(Main.java:660)
	at org.eclipse.equinox.launcher.Main.basicRun(Main.java:597)
	at org.eclipse.equinox.launcher.Main.run(Main.java:1468)
!SUBENTRY 1 org.eclipse.jdt.core 4 980 2019-12-10 13:26:59.884
!MESSAGE Index out of bounds
!SESSION 2019-12-10 13:36:16.003 -----------------------------------------------
eclipse.buildId=4.12.0.I20190605-1800
java.version=1.8.0_221
java.vendor=Oracle Corporation
BootLoader constants: OS=macosx, ARCH=x86_64, WS=cocoa, NL=en_US
Framework arguments:  -product org.eclipse.epp.package.jee.product -keyring /Users/3000424/.eclipse_keyring
Command-line arguments:  -os macosx -ws cocoa -arch x86_64 -product org.eclipse.epp.package.jee.product -keyring /Users/3000424/.eclipse_keyring

!ENTRY org.eclipse.core.resources 2 10035 2019-12-10 13:36:19.333
!MESSAGE The workspace exited with unsaved changes in the previous session; refreshing workspace to recover changes.

!ENTRY org.eclipse.egit.core 1 0 2019-12-10 13:36:21.387
!MESSAGE Using Apache MINA sshd as ssh client.
!SESSION 2019-12-11 12:23:21.278 -----------------------------------------------
eclipse.buildId=4.12.0.I20190605-1800
java.version=1.8.0_221
java.vendor=Oracle Corporation
BootLoader constants: OS=macosx, ARCH=x86_64, WS=cocoa, NL=en_US
Framework arguments:  -product org.eclipse.epp.package.jee.product -keyring /Users/3000424/.eclipse_keyring
Command-line arguments:  -os macosx -ws cocoa -arch x86_64 -product org.eclipse.epp.package.jee.product -keyring /Users/3000424/.eclipse_keyring

!ENTRY org.eclipse.egit.core 1 0 2019-12-11 12:23:29.339
!MESSAGE Using Apache MINA sshd as ssh client.
!SESSION 2019-12-12 12:29:45.128 -----------------------------------------------
eclipse.buildId=4.12.0.I20190605-1800
java.version=1.8.0_221
java.vendor=Oracle Corporation
BootLoader constants: OS=macosx, ARCH=x86_64, WS=cocoa, NL=en_US
Framework arguments:  -product org.eclipse.epp.package.jee.product -keyring /Users/3000424/.eclipse_keyring
Command-line arguments:  -os macosx -ws cocoa -arch x86_64 -product org.eclipse.epp.package.jee.product -keyring /Users/3000424/.eclipse_keyring

!ENTRY org.eclipse.egit.core 1 0 2019-12-12 12:29:53.063
!MESSAGE Using Apache MINA sshd as ssh client.
!SESSION 2019-12-12 12:44:45.154 -----------------------------------------------
eclipse.buildId=4.12.0.I20190605-1800
java.version=1.8.0_221
java.vendor=Oracle Corporation
BootLoader constants: OS=macosx, ARCH=x86_64, WS=cocoa, NL=en_US
Framework arguments:  -product org.eclipse.epp.package.jee.product -keyring /Users/3000424/.eclipse_keyring
Command-line arguments:  -os macosx -ws cocoa -arch x86_64 -product org.eclipse.epp.package.jee.product -keyring /Users/3000424/.eclipse_keyring

!ENTRY org.eclipse.egit.core 1 0 2019-12-12 12:44:52.310
!MESSAGE Using Apache MINA sshd as ssh client.
!SESSION 2019-12-13 12:23:45.288 -----------------------------------------------
eclipse.buildId=4.12.0.I20190605-1800
java.version=1.8.0_221
java.vendor=Oracle Corporation
BootLoader constants: OS=macosx, ARCH=x86_64, WS=cocoa, NL=en_US
Framework arguments:  -product org.eclipse.epp.package.jee.product -keyring /Users/3000424/.eclipse_keyring
Command-line arguments:  -os macosx -ws cocoa -arch x86_64 -product org.eclipse.epp.package.jee.product -keyring /Users/3000424/.eclipse_keyring

!ENTRY org.eclipse.egit.core 1 0 2019-12-13 12:23:53.019
!MESSAGE Using Apache MINA sshd as ssh client.
!SESSION 2019-12-16 12:32:39.837 -----------------------------------------------
eclipse.buildId=4.12.0.I20190605-1800
java.version=1.8.0_221
java.vendor=Oracle Corporation
BootLoader constants: OS=macosx, ARCH=x86_64, WS=cocoa, NL=en_US
Framework arguments:  -product org.eclipse.epp.package.jee.product -keyring /Users/3000424/.eclipse_keyring
Command-line arguments:  -os macosx -ws cocoa -arch x86_64 -product org.eclipse.epp.package.jee.product -keyring /Users/3000424/.eclipse_keyring

!ENTRY org.eclipse.core.resources 2 10035 2019-12-16 12:32:44.772
!MESSAGE The workspace exited with unsaved changes in the previous session; refreshing workspace to recover changes.

!ENTRY org.eclipse.egit.core 1 0 2019-12-16 12:32:47.751
!MESSAGE Using Apache MINA sshd as ssh client.
!SESSION 2020-01-07 11:02:12.347 -----------------------------------------------
eclipse.buildId=4.12.0.I20190605-1800
java.version=1.8.0_221
java.vendor=Oracle Corporation
BootLoader constants: OS=macosx, ARCH=x86_64, WS=cocoa, NL=en_US
Framework arguments:  -product org.eclipse.epp.package.jee.product -keyring /Users/3000424/.eclipse_keyring
Command-line arguments:  -os macosx -ws cocoa -arch x86_64 -product org.eclipse.epp.package.jee.product -keyring /Users/3000424/.eclipse_keyring

!ENTRY org.eclipse.core.resources 2 10035 2020-01-07 11:02:17.094
!MESSAGE The workspace exited with unsaved changes in the previous session; refreshing workspace to recover changes.

!ENTRY org.eclipse.egit.core 1 0 2020-01-07 11:02:19.953
!MESSAGE Using Apache MINA sshd as ssh client.
!SESSION 2020-01-07 11:08:39.147 -----------------------------------------------
eclipse.buildId=4.12.0.I20190605-1800
java.version=1.8.0_221
java.vendor=Oracle Corporation
BootLoader constants: OS=macosx, ARCH=x86_64, WS=cocoa, NL=en_US
Framework arguments:  -product org.eclipse.epp.package.jee.product -keyring /Users/3000424/.eclipse_keyring
Command-line arguments:  -os macosx -ws cocoa -arch x86_64 -product org.eclipse.epp.package.jee.product -keyring /Users/3000424/.eclipse_keyring

!ENTRY org.eclipse.core.resources 2 10035 2020-01-07 11:08:42.615
!MESSAGE The workspace exited with unsaved changes in the previous session; refreshing workspace to recover changes.

!ENTRY org.eclipse.egit.core 1 0 2020-01-07 11:08:44.679
!MESSAGE Using Apache MINA sshd as ssh client.
!SESSION 2020-01-14 12:25:43.362 -----------------------------------------------
eclipse.buildId=4.12.0.I20190605-1800
java.version=1.8.0_221
java.vendor=Oracle Corporation
BootLoader constants: OS=macosx, ARCH=x86_64, WS=cocoa, NL=en_US
Framework arguments:  -product org.eclipse.epp.package.jee.product -keyring /Users/3000424/.eclipse_keyring
Command-line arguments:  -os macosx -ws cocoa -arch x86_64 -product org.eclipse.epp.package.jee.product -keyring /Users/3000424/.eclipse_keyring

!ENTRY org.eclipse.egit.core 1 0 2020-01-14 12:25:53.444
!MESSAGE Using Apache MINA sshd as ssh client.
!SESSION 2020-02-03 12:30:07.315 -----------------------------------------------
eclipse.buildId=4.12.0.I20190605-1800
java.version=1.8.0_221
java.vendor=Oracle Corporation
BootLoader constants: OS=macosx, ARCH=x86_64, WS=cocoa, NL=en_US
Framework arguments:  -product org.eclipse.epp.package.jee.product -keyring /Users/3000424/.eclipse_keyring
Command-line arguments:  -os macosx -ws cocoa -arch x86_64 -product org.eclipse.epp.package.jee.product -keyring /Users/3000424/.eclipse_keyring

!ENTRY org.eclipse.egit.core 1 0 2020-02-03 12:30:14.965
!MESSAGE Using Apache MINA sshd as ssh client.
!SESSION 2020-02-03 15:10:38.292 -----------------------------------------------
eclipse.buildId=4.12.0.I20190605-1800
java.version=1.8.0_221
java.vendor=Oracle Corporation
BootLoader constants: OS=macosx, ARCH=x86_64, WS=cocoa, NL=en_US
Framework arguments:  -product org.eclipse.epp.package.jee.product -keyring /Users/3000424/.eclipse_keyring
Command-line arguments:  -os macosx -ws cocoa -arch x86_64 -product org.eclipse.epp.package.jee.product -keyring /Users/3000424/.eclipse_keyring

!ENTRY org.eclipse.core.resources 2 10035 2020-02-03 15:10:51.057
!MESSAGE The workspace exited with unsaved changes in the previous session; refreshing workspace to recover changes.

!ENTRY org.eclipse.egit.core 1 0 2020-02-03 15:10:56.751
!MESSAGE Using Apache MINA sshd as ssh client.
!SESSION 2020-02-04 12:25:33.444 -----------------------------------------------
eclipse.buildId=4.12.0.I20190605-1800
java.version=1.8.0_221
java.vendor=Oracle Corporation
BootLoader constants: OS=macosx, ARCH=x86_64, WS=cocoa, NL=en_US
Framework arguments:  -product org.eclipse.epp.package.jee.product -keyring /Users/3000424/.eclipse_keyring
Command-line arguments:  -os macosx -ws cocoa -arch x86_64 -product org.eclipse.epp.package.jee.product -keyring /Users/3000424/.eclipse_keyring

!ENTRY org.eclipse.egit.core 1 0 2020-02-04 12:25:43.510
!MESSAGE Using Apache MINA sshd as ssh client.
!SESSION 2020-02-04 17:30:07.533 -----------------------------------------------
eclipse.buildId=4.12.0.I20190605-1800
java.version=1.8.0_221
java.vendor=Oracle Corporation
BootLoader constants: OS=macosx, ARCH=x86_64, WS=cocoa, NL=en_US
Framework arguments:  -product org.eclipse.epp.package.jee.product -keyring /Users/3000424/.eclipse_keyring
Command-line arguments:  -os macosx -ws cocoa -arch x86_64 -product org.eclipse.epp.package.jee.product -keyring /Users/3000424/.eclipse_keyring

!ENTRY org.eclipse.core.resources 2 10035 2020-02-04 17:30:18.355
!MESSAGE The workspace exited with unsaved changes in the previous session; refreshing workspace to recover changes.

!ENTRY org.eclipse.egit.core 1 0 2020-02-04 17:30:24.530
!MESSAGE Using Apache MINA sshd as ssh client.
!SESSION 2020-02-05 12:15:39.082 -----------------------------------------------
eclipse.buildId=4.12.0.I20190605-1800
java.version=1.8.0_221
java.vendor=Oracle Corporation
BootLoader constants: OS=macosx, ARCH=x86_64, WS=cocoa, NL=en_US
Framework arguments:  -product org.eclipse.epp.package.jee.product -keyring /Users/3000424/.eclipse_keyring
Command-line arguments:  -os macosx -ws cocoa -arch x86_64 -product org.eclipse.epp.package.jee.product -keyring /Users/3000424/.eclipse_keyring

!ENTRY org.eclipse.egit.core 1 0 2020-02-05 12:15:46.835
!MESSAGE Using Apache MINA sshd as ssh client.
!SESSION 2020-02-24 16:38:08.929 -----------------------------------------------
eclipse.buildId=4.12.0.I20190605-1800
java.version=1.8.0_221
java.vendor=Oracle Corporation
BootLoader constants: OS=macosx, ARCH=x86_64, WS=cocoa, NL=en_US
Framework arguments:  -product org.eclipse.epp.package.jee.product -keyring /Users/3000424/.eclipse_keyring
Command-line arguments:  -os macosx -ws cocoa -arch x86_64 -product org.eclipse.epp.package.jee.product -keyring /Users/3000424/.eclipse_keyring

!ENTRY org.eclipse.egit.core 1 0 2020-02-24 16:38:18.692
!MESSAGE Using Apache MINA sshd as ssh client.
!SESSION 2020-03-02 12:20:29.471 -----------------------------------------------
eclipse.buildId=4.12.0.I20190605-1800
java.version=1.8.0_221
java.vendor=Oracle Corporation
BootLoader constants: OS=macosx, ARCH=x86_64, WS=cocoa, NL=en_US
Framework arguments:  -product org.eclipse.epp.package.jee.product -keyring /Users/3000424/.eclipse_keyring
Command-line arguments:  -os macosx -ws cocoa -arch x86_64 -product org.eclipse.epp.package.jee.product -keyring /Users/3000424/.eclipse_keyring

!ENTRY org.eclipse.egit.core 1 0 2020-03-02 12:20:38.253
!MESSAGE Using Apache MINA sshd as ssh client.
!SESSION 2020-03-04 12:53:01.976 -----------------------------------------------
eclipse.buildId=4.12.0.I20190605-1800
java.version=1.8.0_221
java.vendor=Oracle Corporation
BootLoader constants: OS=macosx, ARCH=x86_64, WS=cocoa, NL=en_US
Framework arguments:  -product org.eclipse.epp.package.jee.product -keyring /Users/3000424/.eclipse_keyring
Command-line arguments:  -os macosx -ws cocoa -arch x86_64 -product org.eclipse.epp.package.jee.product -keyring /Users/3000424/.eclipse_keyring

!ENTRY org.eclipse.egit.core 1 0 2020-03-04 12:53:09.654
!MESSAGE Using Apache MINA sshd as ssh client.
!SESSION 2020-03-05 12:45:17.327 -----------------------------------------------
eclipse.buildId=4.12.0.I20190605-1800
java.version=1.8.0_221
java.vendor=Oracle Corporation
BootLoader constants: OS=macosx, ARCH=x86_64, WS=cocoa, NL=en_US
Framework arguments:  -product org.eclipse.epp.package.jee.product -keyring /Users/3000424/.eclipse_keyring
Command-line arguments:  -os macosx -ws cocoa -arch x86_64 -product org.eclipse.epp.package.jee.product -keyring /Users/3000424/.eclipse_keyring

!ENTRY org.eclipse.egit.core 1 0 2020-03-05 12:45:25.268
!MESSAGE Using Apache MINA sshd as ssh client.
!SESSION 2020-03-08 21:09:29.156 -----------------------------------------------
eclipse.buildId=4.12.0.I20190605-1800
java.version=1.8.0_221
java.vendor=Oracle Corporation
BootLoader constants: OS=macosx, ARCH=x86_64, WS=cocoa, NL=en_US
Framework arguments:  -product org.eclipse.epp.package.jee.product -keyring /Users/3000424/.eclipse_keyring
Command-line arguments:  -os macosx -ws cocoa -arch x86_64 -product org.eclipse.epp.package.jee.product -keyring /Users/3000424/.eclipse_keyring

!ENTRY org.eclipse.egit.core 1 0 2020-03-08 21:09:37.244
!MESSAGE Using Apache MINA sshd as ssh client.
!SESSION 2020-03-08 21:20:12.367 -----------------------------------------------
eclipse.buildId=4.12.0.I20190605-1800
java.version=1.8.0_221
java.vendor=Oracle Corporation
BootLoader constants: OS=macosx, ARCH=x86_64, WS=cocoa, NL=en_US
Framework arguments:  -product org.eclipse.epp.package.jee.product -keyring /Users/3000424/.eclipse_keyring
Command-line arguments:  -os macosx -ws cocoa -arch x86_64 -product org.eclipse.epp.package.jee.product -keyring /Users/3000424/.eclipse_keyring

!ENTRY org.eclipse.egit.core 1 0 2020-03-08 21:20:27.544
!MESSAGE Using Apache MINA sshd as ssh client.
!SESSION 2020-03-10 12:19:36.306 -----------------------------------------------
eclipse.buildId=4.12.0.I20190605-1800
java.version=1.8.0_221
java.vendor=Oracle Corporation
BootLoader constants: OS=macosx, ARCH=x86_64, WS=cocoa, NL=en_US
Framework arguments:  -product org.eclipse.epp.package.jee.product -keyring /Users/3000424/.eclipse_keyring
Command-line arguments:  -os macosx -ws cocoa -arch x86_64 -product org.eclipse.epp.package.jee.product -keyring /Users/3000424/.eclipse_keyring

!ENTRY org.eclipse.egit.core 1 0 2020-03-10 12:21:12.279
!MESSAGE Using Apache MINA sshd as ssh client.
!SESSION 2020-03-26 15:31:51.756 -----------------------------------------------
eclipse.buildId=4.12.0.I20190605-1800
java.version=1.8.0_221
java.vendor=Oracle Corporation
BootLoader constants: OS=macosx, ARCH=x86_64, WS=cocoa, NL=en_US
Framework arguments:  -product org.eclipse.epp.package.jee.product -keyring /Users/3000424/.eclipse_keyring
Command-line arguments:  -os macosx -ws cocoa -arch x86_64 -product org.eclipse.epp.package.jee.product -keyring /Users/3000424/.eclipse_keyring

!ENTRY org.eclipse.egit.core 1 0 2020-03-26 15:32:46.342
!MESSAGE Using Apache MINA sshd as ssh client.
